<!DOCTYPE html>

<html>
  <head>
  <meta charset='utf-8'>
  <title>TestNG reports</title>

    <link type="text/css" href="testng-reports.css" rel="stylesheet" />
    <script type="text/javascript" src="jquery-3.4.1.min.js"></script>
    <script type="text/javascript" src="testng-reports.js"></script>
    <script type="text/javascript" src="https://www.google.com/jsapi"></script>
    <script type='text/javascript'>
      google.load('visualization', '1', {packages:['table']});
      google.setOnLoadCallback(drawTable);
      var suiteTableInitFunctions = new Array();
      var suiteTableData = new Array();
    </script>
    <!--
      <script type="text/javascript" src="jquery-ui/js/jquery-ui-1.8.16.custom.min.js"></script>
     -->
  </head>

  <body>
    <div class="top-banner-root">
      <span class="top-banner-title-font">Test results</span>
      <br/>
      <span class="top-banner-font-1">1 suite, 11 failed tests</span>
    </div> <!-- top-banner-root -->
    <div class="navigator-root">
      <div class="navigator-suite-header">
        <span>All suites</span>
        <a href="#" class="collapse-all-link" title="Collapse/expand all the suites">
          <img class="collapse-all-icon" src="collapseall.gif">
          </img> <!-- collapse-all-icon -->
        </a> <!-- collapse-all-link -->
      </div> <!-- navigator-suite-header -->
      <div class="suite">
        <div class="rounded-window">
          <div class="suite-header light-rounded-window-top">
            <a href="#" class="navigator-link" panel-name="suite-ecommerce_regression_Suite">
              <span class="suite-name border-failed">ecommerce regression Suite</span>
            </a> <!-- navigator-link -->
          </div> <!-- suite-header light-rounded-window-top -->
          <div class="navigator-suite-content">
            <div class="suite-section-title">
              <span>Info</span>
            </div> <!-- suite-section-title -->
            <div class="suite-section-content">
              <ul>
                <li>
                  <a href="#" class="navigator-link " panel-name="test-xml-ecommerce_regression_Suite">
                    <span>D:\Auto\SecondMaven\testng.xml</span>
                  </a> <!-- navigator-link  -->
                </li>
                <li>
                  <a href="#" class="navigator-link " panel-name="testlist-ecommerce_regression_Suite">
                    <span class="test-stats">1 test</span>
                  </a> <!-- navigator-link  -->
                </li>
                <li>
                  <a href="#" class="navigator-link " panel-name="group-ecommerce_regression_Suite">
                    <span>0 groups</span>
                  </a> <!-- navigator-link  -->
                </li>
                <li>
                  <a href="#" class="navigator-link " panel-name="times-ecommerce_regression_Suite">
                    <span>Times</span>
                  </a> <!-- navigator-link  -->
                </li>
                <li>
                  <a href="#" class="navigator-link " panel-name="reporter-ecommerce_regression_Suite">
                    <span>Reporter output</span>
                  </a> <!-- navigator-link  -->
                </li>
                <li>
                  <a href="#" class="navigator-link " panel-name="ignored-methods-ecommerce_regression_Suite">
                    <span>Ignored methods</span>
                  </a> <!-- navigator-link  -->
                </li>
                <li>
                  <a href="#" class="navigator-link " panel-name="chronological-ecommerce_regression_Suite">
                    <span>Chronological view</span>
                  </a> <!-- navigator-link  -->
                </li>
              </ul>
            </div> <!-- suite-section-content -->
            <div class="result-section">
              <div class="suite-section-title">
                <span>Results</span>
              </div> <!-- suite-section-title -->
              <div class="suite-section-content">
                <ul>
                  <li>
                    <span class="method-stats">43 methods, 11 failed,  24 skipped,  8 passed</span>
                  </li>
                  <li>
                    <span class="method-list-title failed">Failed methods</span>
                    <span class="show-or-hide-methods failed">
                      <a href="#" panel-name="suite-ecommerce_regression_Suite" class="hide-methods failed suite-ecommerce_regression_Suite"> (hide)</a> <!-- hide-methods failed suite-ecommerce_regression_Suite -->
                      <a href="#" panel-name="suite-ecommerce_regression_Suite" class="show-methods failed suite-ecommerce_regression_Suite"> (show)</a> <!-- show-methods failed suite-ecommerce_regression_Suite -->
                    </span>
                    <div class="method-list-content failed suite-ecommerce_regression_Suite">
                      <span>
                        <img width="3%" src="failed.png"/>
                        <a href="#" class="method navigator-link" panel-name="suite-ecommerce_regression_Suite" title="tests.CurrentTest" hash-for-method="checktrue">checktrue</a> <!-- method navigator-link -->
                      </span>
                      <br/>
                      <span>
                        <img width="3%" src="failed.png"/>
                        <a href="#" class="method navigator-link" panel-name="suite-ecommerce_regression_Suite" title="tests.MyAccountTest" hash-for-method="create">create</a> <!-- method navigator-link -->
                      </span>
                      <br/>
                      <span>
                        <img width="3%" src="failed.png"/>
                        <a href="#" class="method navigator-link" panel-name="suite-ecommerce_regression_Suite" title="tests.LoginTest" hash-for-method="login1">login1</a> <!-- method navigator-link -->
                      </span>
                      <br/>
                      <span>
                        <img width="3%" src="failed.png"/>
                        <a href="#" class="method navigator-link" panel-name="suite-ecommerce_regression_Suite" title="tests.MyAccountTest" hash-for-method="myacc">myacc</a> <!-- method navigator-link -->
                      </span>
                      <br/>
                      <span>
                        <img width="3%" src="failed.png"/>
                        <a href="#" class="method navigator-link" panel-name="suite-ecommerce_regression_Suite" title="tests.AddProductToWishlist" hash-for-method="openreg">openreg</a> <!-- method navigator-link -->
                      </span>
                      <br/>
                      <span>
                        <img width="3%" src="failed.png"/>
                        <a href="#" class="method navigator-link" panel-name="suite-ecommerce_regression_Suite" title="tests.AddTocartTest" hash-for-method="openreg">openreg</a> <!-- method navigator-link -->
                      </span>
                      <br/>
                      <span>
                        <img width="3%" src="failed.png"/>
                        <a href="#" class="method navigator-link" panel-name="suite-ecommerce_regression_Suite" title="tests.EmailtofriendTest" hash-for-method="openreg">openreg</a> <!-- method navigator-link -->
                      </span>
                      <br/>
                      <span>
                        <img width="3%" src="failed.png"/>
                        <a href="#" class="method navigator-link" panel-name="suite-ecommerce_regression_Suite" title="tests.ComparelistTEst" hash-for-method="openreg">openreg</a> <!-- method navigator-link -->
                      </span>
                      <br/>
                      <span>
                        <img width="3%" src="failed.png"/>
                        <a href="#" class="method navigator-link" panel-name="suite-ecommerce_regression_Suite" title="tests.CheckoutTest" hash-for-method="openreg">openreg</a> <!-- method navigator-link -->
                      </span>
                      <br/>
                      <span>
                        <img width="3%" src="failed.png"/>
                        <a href="#" class="method navigator-link" panel-name="suite-ecommerce_regression_Suite" title="tests.ProductReviewTest" hash-for-method="openreg">openreg</a> <!-- method navigator-link -->
                      </span>
                      <br/>
                      <span>
                        <img width="3%" src="failed.png"/>
                        <a href="#" class="method navigator-link" panel-name="suite-ecommerce_regression_Suite" title="tests.WearchProductUsingAutoSuggest" hash-for-method="searchat">searchat</a> <!-- method navigator-link -->
                      </span>
                      <br/>
                    </div> <!-- method-list-content failed suite-ecommerce_regression_Suite -->
                  </li>
                  <li>
                    <span class="method-list-title skipped">Skipped methods</span>
                    <span class="show-or-hide-methods skipped">
                      <a href="#" panel-name="suite-ecommerce_regression_Suite" class="hide-methods skipped suite-ecommerce_regression_Suite"> (hide)</a> <!-- hide-methods skipped suite-ecommerce_regression_Suite -->
                      <a href="#" panel-name="suite-ecommerce_regression_Suite" class="show-methods skipped suite-ecommerce_regression_Suite"> (show)</a> <!-- show-methods skipped suite-ecommerce_regression_Suite -->
                    </span>
                    <div class="method-list-content skipped suite-ecommerce_regression_Suite">
                      <span>
                        <img width="3%" src="skipped.png"/>
                        <a href="#" class="method navigator-link" panel-name="suite-ecommerce_regression_Suite" title="tests.EmailtofriendTest" hash-for-method="SearchProduct">SearchProduct</a> <!-- method navigator-link -->
                      </span>
                      <br/>
                      <span>
                        <img width="3%" src="skipped.png"/>
                        <a href="#" class="method navigator-link" panel-name="suite-ecommerce_regression_Suite" title="tests.AddProductToWishlist" hash-for-method="addprod">addprod</a> <!-- method navigator-link -->
                      </span>
                      <br/>
                      <span>
                        <img width="3%" src="skipped.png"/>
                        <a href="#" class="method navigator-link" panel-name="suite-ecommerce_regression_Suite" title="tests.ComparelistTEst" hash-for-method="addproducttocomparelist">addproducttocomparelist</a> <!-- method navigator-link -->
                      </span>
                      <br/>
                      <span>
                        <img width="3%" src="skipped.png"/>
                        <a href="#" class="method navigator-link" panel-name="suite-ecommerce_regression_Suite" title="tests.ProductReviewTest" hash-for-method="addreview">addreview</a> <!-- method navigator-link -->
                      </span>
                      <br/>
                      <span>
                        <img width="3%" src="skipped.png"/>
                        <a href="#" class="method navigator-link" panel-name="suite-ecommerce_regression_Suite" title="tests.AddTocartTest" hash-for-method="addtocart">addtocart</a> <!-- method navigator-link -->
                      </span>
                      <br/>
                      <span>
                        <img width="3%" src="skipped.png"/>
                        <a href="#" class="method navigator-link" panel-name="suite-ecommerce_regression_Suite" title="tests.CheckoutTest" hash-for-method="addtocart">addtocart</a> <!-- method navigator-link -->
                      </span>
                      <br/>
                      <span>
                        <img width="3%" src="skipped.png"/>
                        <a href="#" class="method navigator-link" panel-name="suite-ecommerce_regression_Suite" title="tests.AddProductToWishlist" hash-for-method="addtowish">addtowish</a> <!-- method navigator-link -->
                      </span>
                      <br/>
                      <span>
                        <img width="3%" src="skipped.png"/>
                        <a href="#" class="method navigator-link" panel-name="suite-ecommerce_regression_Suite" title="tests.ComparelistTEst" hash-for-method="check">check</a> <!-- method navigator-link -->
                      </span>
                      <br/>
                      <span>
                        <img width="3%" src="skipped.png"/>
                        <a href="#" class="method navigator-link" panel-name="suite-ecommerce_regression_Suite" title="tests.AddTocartTest" hash-for-method="check">check</a> <!-- method navigator-link -->
                      </span>
                      <br/>
                      <span>
                        <img width="3%" src="skipped.png"/>
                        <a href="#" class="method navigator-link" panel-name="suite-ecommerce_regression_Suite" title="tests.CheckoutTest" hash-for-method="check">check</a> <!-- method navigator-link -->
                      </span>
                      <br/>
                      <span>
                        <img width="3%" src="skipped.png"/>
                        <a href="#" class="method navigator-link" panel-name="suite-ecommerce_regression_Suite" title="tests.AddTocartTest" hash-for-method="checkout">checkout</a> <!-- method navigator-link -->
                      </span>
                      <br/>
                      <span>
                        <img width="3%" src="skipped.png"/>
                        <a href="#" class="method navigator-link" panel-name="suite-ecommerce_regression_Suite" title="tests.CheckoutTest" hash-for-method="checkout">checkout</a> <!-- method navigator-link -->
                      </span>
                      <br/>
                      <span>
                        <img width="3%" src="skipped.png"/>
                        <a href="#" class="method navigator-link" panel-name="suite-ecommerce_regression_Suite" title="tests.CheckoutTest" hash-for-method="gotocart">gotocart</a> <!-- method navigator-link -->
                      </span>
                      <br/>
                      <span>
                        <img width="3%" src="skipped.png"/>
                        <a href="#" class="method navigator-link" panel-name="suite-ecommerce_regression_Suite" title="tests.AddTocartTest" hash-for-method="gotocart">gotocart</a> <!-- method navigator-link -->
                      </span>
                      <br/>
                      <span>
                        <img width="3%" src="skipped.png"/>
                        <a href="#" class="method navigator-link" panel-name="suite-ecommerce_regression_Suite" title="tests.EmailtofriendTest" hash-for-method="openemailpage">openemailpage</a> <!-- method navigator-link -->
                      </span>
                      <br/>
                      <span>
                        <img width="3%" src="skipped.png"/>
                        <a href="#" class="method navigator-link" panel-name="suite-ecommerce_regression_Suite" title="tests.ProductReviewTest" hash-for-method="openrevi">openrevi</a> <!-- method navigator-link -->
                      </span>
                      <br/>
                      <span>
                        <img width="3%" src="skipped.png"/>
                        <a href="#" class="method navigator-link" panel-name="suite-ecommerce_regression_Suite" title="tests.ComparelistTEst" hash-for-method="removeproductfromcomparelist">removeproductfromcomparelist</a> <!-- method navigator-link -->
                      </span>
                      <br/>
                      <span>
                        <img width="3%" src="skipped.png"/>
                        <a href="#" class="method navigator-link" panel-name="suite-ecommerce_regression_Suite" title="tests.AddTocartTest" hash-for-method="searchprod">searchprod</a> <!-- method navigator-link -->
                      </span>
                      <br/>
                      <span>
                        <img width="3%" src="skipped.png"/>
                        <a href="#" class="method navigator-link" panel-name="suite-ecommerce_regression_Suite" title="tests.AddProductToWishlist" hash-for-method="searchprod">searchprod</a> <!-- method navigator-link -->
                      </span>
                      <br/>
                      <span>
                        <img width="3%" src="skipped.png"/>
                        <a href="#" class="method navigator-link" panel-name="suite-ecommerce_regression_Suite" title="tests.ComparelistTEst" hash-for-method="searchprod">searchprod</a> <!-- method navigator-link -->
                      </span>
                      <br/>
                      <span>
                        <img width="3%" src="skipped.png"/>
                        <a href="#" class="method navigator-link" panel-name="suite-ecommerce_regression_Suite" title="tests.ProductReviewTest" hash-for-method="searchprod">searchprod</a> <!-- method navigator-link -->
                      </span>
                      <br/>
                      <span>
                        <img width="3%" src="skipped.png"/>
                        <a href="#" class="method navigator-link" panel-name="suite-ecommerce_regression_Suite" title="tests.CheckoutTest" hash-for-method="searchprod">searchprod</a> <!-- method navigator-link -->
                      </span>
                      <br/>
                      <span>
                        <img width="3%" src="skipped.png"/>
                        <a href="#" class="method navigator-link" panel-name="suite-ecommerce_regression_Suite" title="tests.EmailtofriendTest" hash-for-method="sendemail">sendemail</a> <!-- method navigator-link -->
                      </span>
                      <br/>
                      <span>
                        <img width="3%" src="skipped.png"/>
                        <a href="#" class="method navigator-link" panel-name="suite-ecommerce_regression_Suite" title="tests.EmailtofriendTest" hash-for-method="userreg">userreg</a> <!-- method navigator-link -->
                      </span>
                      <br/>
                    </div> <!-- method-list-content skipped suite-ecommerce_regression_Suite -->
                  </li>
                  <li>
                    <span class="method-list-title passed">Passed methods</span>
                    <span class="show-or-hide-methods passed">
                      <a href="#" panel-name="suite-ecommerce_regression_Suite" class="hide-methods passed suite-ecommerce_regression_Suite"> (hide)</a> <!-- hide-methods passed suite-ecommerce_regression_Suite -->
                      <a href="#" panel-name="suite-ecommerce_regression_Suite" class="show-methods passed suite-ecommerce_regression_Suite"> (show)</a> <!-- show-methods passed suite-ecommerce_regression_Suite -->
                    </span>
                    <div class="method-list-content passed suite-ecommerce_regression_Suite">
                      <span>
                        <img width="3%" src="passed.png"/>
                        <a href="#" class="method navigator-link" panel-name="suite-ecommerce_regression_Suite" title="tests.ContactUsTest" hash-for-method="contactus">contactus</a> <!-- method navigator-link -->
                      </span>
                      <br/>
                      <span>
                        <img width="3%" src="passed.png"/>
                        <a href="#" class="method navigator-link" panel-name="suite-ecommerce_regression_Suite" title="tests.CurrentTest" hash-for-method="currentcheck">currentcheck</a> <!-- method navigator-link -->
                      </span>
                      <br/>
                      <span>
                        <img width="3%" src="passed.png"/>
                        <a href="#" class="method navigator-link" panel-name="suite-ecommerce_regression_Suite" title="tests.ProductHoverMenuPage" hash-for-method="hovermen">hovermen</a> <!-- method navigator-link -->
                      </span>
                      <br/>
                      <span>
                        <img width="3%" src="passed.png"/>
                        <a href="#" class="method navigator-link" panel-name="suite-ecommerce_regression_Suite" title="tests.UserRegisterationTest" hash-for-method="login2">login2</a> <!-- method navigator-link -->
                      </span>
                      <br/>
                      <span>
                        <img width="3%" src="passed.png"/>
                        <a href="#" class="method navigator-link" panel-name="suite-ecommerce_regression_Suite" title="tests.UserRegisterationTest" hash-for-method="registerout1">registerout1</a> <!-- method navigator-link -->
                      </span>
                      <br/>
                      <span>
                        <img width="3%" src="passed.png"/>
                        <a href="#" class="method navigator-link" panel-name="suite-ecommerce_regression_Suite" title="tests.UserRegisterationTest" hash-for-method="registersucces">registersucces</a> <!-- method navigator-link -->
                      </span>
                      <br/>
                      <span>
                        <img width="3%" src="passed.png"/>
                        <a href="#" class="method navigator-link" panel-name="suite-ecommerce_regression_Suite" title="tests.CurrentTest" hash-for-method="searchp">searchp</a> <!-- method navigator-link -->
                      </span>
                      <br/>
                      <span>
                        <img width="3%" src="passed.png"/>
                        <a href="#" class="method navigator-link" panel-name="suite-ecommerce_regression_Suite" title="tests.SearchTest" hash-for-method="searchpr">searchpr</a> <!-- method navigator-link -->
                      </span>
                      <br/>
                    </div> <!-- method-list-content passed suite-ecommerce_regression_Suite -->
                  </li>
                </ul>
              </div> <!-- suite-section-content -->
            </div> <!-- result-section -->
          </div> <!-- navigator-suite-content -->
        </div> <!-- rounded-window -->
      </div> <!-- suite -->
    </div> <!-- navigator-root -->
    <div class="wrapper">
      <div class="main-panel-root">
        <div panel-name="suite-ecommerce_regression_Suite" class="panel ecommerce_regression_Suite">
          <div class="suite-ecommerce_regression_Suite-class-failed">
            <div class="main-panel-header rounded-window-top">
              <img src="failed.png"/>
              <span class="class-name">tests.EmailtofriendTest</span>
            </div> <!-- main-panel-header rounded-window-top -->
            <div class="main-panel-content rounded-window-bottom">
              <div class="method">
                <div class="method-content">
                  <a name="openreg">
                  </a> <!-- openreg -->
                  <span class="method-name">openreg</span>
                  <div class="stack-trace">org.openqa.selenium.NoSuchElementException: no such element: Unable to locate element: {&quot;method&quot;:&quot;link text&quot;,&quot;selector&quot;:&quot;Register&quot;}
  (Session info: chrome=80.0.3987.149)
For documentation on this error, please visit: https://www.seleniumhq.org/exceptions/no_such_element.html
Build info: version: &apos;3.141.59&apos;, revision: &apos;e82be7d358&apos;, time: &apos;2018-11-14T08:17:03&apos;
System info: host: &apos;DESKTOP-3CGV4TH&apos;, ip: &apos;192.168.1.6&apos;, os.name: &apos;Windows 10&apos;, os.arch: &apos;amd64&apos;, os.version: &apos;10.0&apos;, java.version: &apos;1.8.0_241&apos;
Driver info: org.openqa.selenium.chrome.ChromeDriver
Capabilities {acceptInsecureCerts: false, browserName: chrome, browserVersion: 80.0.3987.149, chrome: {chromedriverVersion: 80.0.3987.16 (320f6526c1632..., userDataDir: C:\Users\Admin\AppData\Loca...}, goog:chromeOptions: {debuggerAddress: localhost:57050}, javascriptEnabled: true, networkConnectionEnabled: false, pageLoadStrategy: normal, platform: WINDOWS, platformName: WINDOWS, proxy: Proxy(), setWindowRect: true, strictFileInteractability: false, timeouts: {implicit: 0, pageLoad: 300000, script: 30000}, unhandledPromptBehavior: dismiss and notify}
Session ID: f8a70d22c5b5e8224534212f0c57d70d
*** Element info: {Using=link text, value=Register}
	at org.openqa.selenium.remote.http.W3CHttpResponseCodec.createException(W3CHttpResponseCodec.java:187)
	at org.openqa.selenium.remote.http.W3CHttpResponseCodec.decode(W3CHttpResponseCodec.java:122)
	at org.openqa.selenium.remote.http.W3CHttpResponseCodec.decode(W3CHttpResponseCodec.java:49)
	at org.openqa.selenium.remote.HttpCommandExecutor.execute(HttpCommandExecutor.java:158)
	at org.openqa.selenium.remote.service.DriverCommandExecutor.execute(DriverCommandExecutor.java:83)
	at org.openqa.selenium.remote.RemoteWebDriver.execute(RemoteWebDriver.java:552)
	at org.openqa.selenium.remote.RemoteWebDriver.findElement(RemoteWebDriver.java:323)
	at org.openqa.selenium.remote.RemoteWebDriver.findElementByLinkText(RemoteWebDriver.java:380)
	at org.openqa.selenium.By$ByLinkText.findElement(By.java:220)
	at org.openqa.selenium.remote.RemoteWebDriver.findElement(RemoteWebDriver.java:315)
	at org.openqa.selenium.support.pagefactory.DefaultElementLocator.findElement(DefaultElementLocator.java:69)
	at org.openqa.selenium.support.pagefactory.internal.LocatingElementHandler.invoke(LocatingElementHandler.java:38)
	at com.sun.proxy.$Proxy12.click(Unknown Source)
	at pages.HomePage.Openregister(HomePage.java:31)
	at tests.EmailtofriendTest.openreg(EmailtofriendTest.java:23)
	at java.util.ArrayList.forEach(Unknown Source)
... Removed 31 stack frames
</div> <!-- stack-trace -->
                </div> <!-- method-content -->
              </div> <!-- method -->
            </div> <!-- main-panel-content rounded-window-bottom -->
          </div> <!-- suite-ecommerce_regression_Suite-class-failed -->
          <div class="suite-ecommerce_regression_Suite-class-failed">
            <div class="main-panel-header rounded-window-top">
              <img src="failed.png"/>
              <span class="class-name">tests.MyAccountTest</span>
            </div> <!-- main-panel-header rounded-window-top -->
            <div class="main-panel-content rounded-window-bottom">
              <div class="method">
                <div class="method-content">
                  <a name="create">
                  </a> <!-- create -->
                  <span class="method-name">create</span>
                  <div class="stack-trace">org.openqa.selenium.NoSuchElementException: no such element: Unable to locate element: {&quot;method&quot;:&quot;link text&quot;,&quot;selector&quot;:&quot;Register&quot;}
  (Session info: chrome=80.0.3987.149)
For documentation on this error, please visit: https://www.seleniumhq.org/exceptions/no_such_element.html
Build info: version: &apos;3.141.59&apos;, revision: &apos;e82be7d358&apos;, time: &apos;2018-11-14T08:17:03&apos;
System info: host: &apos;DESKTOP-3CGV4TH&apos;, ip: &apos;192.168.1.6&apos;, os.name: &apos;Windows 10&apos;, os.arch: &apos;amd64&apos;, os.version: &apos;10.0&apos;, java.version: &apos;1.8.0_241&apos;
Driver info: org.openqa.selenium.chrome.ChromeDriver
Capabilities {acceptInsecureCerts: false, browserName: chrome, browserVersion: 80.0.3987.149, chrome: {chromedriverVersion: 80.0.3987.16 (320f6526c1632..., userDataDir: C:\Users\Admin\AppData\Loca...}, goog:chromeOptions: {debuggerAddress: localhost:57050}, javascriptEnabled: true, networkConnectionEnabled: false, pageLoadStrategy: normal, platform: WINDOWS, platformName: WINDOWS, proxy: Proxy(), setWindowRect: true, strictFileInteractability: false, timeouts: {implicit: 0, pageLoad: 300000, script: 30000}, unhandledPromptBehavior: dismiss and notify}
Session ID: f8a70d22c5b5e8224534212f0c57d70d
*** Element info: {Using=link text, value=Register}
	at org.openqa.selenium.remote.http.W3CHttpResponseCodec.createException(W3CHttpResponseCodec.java:187)
	at org.openqa.selenium.remote.http.W3CHttpResponseCodec.decode(W3CHttpResponseCodec.java:122)
	at org.openqa.selenium.remote.http.W3CHttpResponseCodec.decode(W3CHttpResponseCodec.java:49)
	at org.openqa.selenium.remote.HttpCommandExecutor.execute(HttpCommandExecutor.java:158)
	at org.openqa.selenium.remote.service.DriverCommandExecutor.execute(DriverCommandExecutor.java:83)
	at org.openqa.selenium.remote.RemoteWebDriver.execute(RemoteWebDriver.java:552)
	at org.openqa.selenium.remote.RemoteWebDriver.findElement(RemoteWebDriver.java:323)
	at org.openqa.selenium.remote.RemoteWebDriver.findElementByLinkText(RemoteWebDriver.java:380)
	at org.openqa.selenium.By$ByLinkText.findElement(By.java:220)
	at org.openqa.selenium.remote.RemoteWebDriver.findElement(RemoteWebDriver.java:315)
	at org.openqa.selenium.support.pagefactory.DefaultElementLocator.findElement(DefaultElementLocator.java:69)
	at org.openqa.selenium.support.pagefactory.internal.LocatingElementHandler.invoke(LocatingElementHandler.java:38)
	at com.sun.proxy.$Proxy12.click(Unknown Source)
	at pages.HomePage.Openregister(HomePage.java:31)
	at tests.MyAccountTest.create(MyAccountTest.java:18)
	at java.util.ArrayList.forEach(Unknown Source)
... Removed 31 stack frames
</div> <!-- stack-trace -->
                </div> <!-- method-content -->
              </div> <!-- method -->
              <div class="method">
                <div class="method-content">
                  <a name="myacc">
                  </a> <!-- myacc -->
                  <span class="method-name">myacc</span>
                  <div class="stack-trace">org.openqa.selenium.NoSuchElementException: no such element: Unable to locate element: {&quot;method&quot;:&quot;link text&quot;,&quot;selector&quot;:&quot;Change password&quot;}
  (Session info: chrome=80.0.3987.149)
For documentation on this error, please visit: https://www.seleniumhq.org/exceptions/no_such_element.html
Build info: version: &apos;3.141.59&apos;, revision: &apos;e82be7d358&apos;, time: &apos;2018-11-14T08:17:03&apos;
System info: host: &apos;DESKTOP-3CGV4TH&apos;, ip: &apos;192.168.1.6&apos;, os.name: &apos;Windows 10&apos;, os.arch: &apos;amd64&apos;, os.version: &apos;10.0&apos;, java.version: &apos;1.8.0_241&apos;
Driver info: org.openqa.selenium.chrome.ChromeDriver
Capabilities {acceptInsecureCerts: false, browserName: chrome, browserVersion: 80.0.3987.149, chrome: {chromedriverVersion: 80.0.3987.16 (320f6526c1632..., userDataDir: C:\Users\Admin\AppData\Loca...}, goog:chromeOptions: {debuggerAddress: localhost:57050}, javascriptEnabled: true, networkConnectionEnabled: false, pageLoadStrategy: normal, platform: WINDOWS, platformName: WINDOWS, proxy: Proxy(), setWindowRect: true, strictFileInteractability: false, timeouts: {implicit: 0, pageLoad: 300000, script: 30000}, unhandledPromptBehavior: dismiss and notify}
Session ID: f8a70d22c5b5e8224534212f0c57d70d
*** Element info: {Using=link text, value=Change password}
	at org.openqa.selenium.remote.http.W3CHttpResponseCodec.createException(W3CHttpResponseCodec.java:187)
	at org.openqa.selenium.remote.http.W3CHttpResponseCodec.decode(W3CHttpResponseCodec.java:122)
	at org.openqa.selenium.remote.http.W3CHttpResponseCodec.decode(W3CHttpResponseCodec.java:49)
	at org.openqa.selenium.remote.HttpCommandExecutor.execute(HttpCommandExecutor.java:158)
	at org.openqa.selenium.remote.service.DriverCommandExecutor.execute(DriverCommandExecutor.java:83)
	at org.openqa.selenium.remote.RemoteWebDriver.execute(RemoteWebDriver.java:552)
	at org.openqa.selenium.remote.RemoteWebDriver.findElement(RemoteWebDriver.java:323)
	at org.openqa.selenium.remote.RemoteWebDriver.findElementByLinkText(RemoteWebDriver.java:380)
	at org.openqa.selenium.By$ByLinkText.findElement(By.java:220)
	at org.openqa.selenium.remote.RemoteWebDriver.findElement(RemoteWebDriver.java:315)
	at org.openqa.selenium.support.pagefactory.DefaultElementLocator.findElement(DefaultElementLocator.java:69)
	at org.openqa.selenium.support.pagefactory.internal.LocatingElementHandler.invoke(LocatingElementHandler.java:38)
	at com.sun.proxy.$Proxy12.click(Unknown Source)
	at pages.MyAccountPage.changepass(MyAccountPage.java:23)
	at tests.MyAccountTest.myacc(MyAccountTest.java:26)
	at java.util.ArrayList.forEach(Unknown Source)
... Removed 31 stack frames
</div> <!-- stack-trace -->
                </div> <!-- method-content -->
              </div> <!-- method -->
            </div> <!-- main-panel-content rounded-window-bottom -->
          </div> <!-- suite-ecommerce_regression_Suite-class-failed -->
          <div class="suite-ecommerce_regression_Suite-class-failed">
            <div class="main-panel-header rounded-window-top">
              <img src="failed.png"/>
              <span class="class-name">tests.WearchProductUsingAutoSuggest</span>
            </div> <!-- main-panel-header rounded-window-top -->
            <div class="main-panel-content rounded-window-bottom">
              <div class="method">
                <div class="method-content">
                  <a name="searchat">
                  </a> <!-- searchat -->
                  <span class="method-name">searchat</span>
                  <div class="stack-trace">org.openqa.selenium.ElementNotInteractableException: element not interactable
  (Session info: chrome=80.0.3987.149)
Build info: version: &apos;3.141.59&apos;, revision: &apos;e82be7d358&apos;, time: &apos;2018-11-14T08:17:03&apos;
System info: host: &apos;DESKTOP-3CGV4TH&apos;, ip: &apos;192.168.1.6&apos;, os.name: &apos;Windows 10&apos;, os.arch: &apos;amd64&apos;, os.version: &apos;10.0&apos;, java.version: &apos;1.8.0_241&apos;
Driver info: org.openqa.selenium.chrome.ChromeDriver
Capabilities {acceptInsecureCerts: false, browserName: chrome, browserVersion: 80.0.3987.149, chrome: {chromedriverVersion: 80.0.3987.16 (320f6526c1632..., userDataDir: C:\Users\Admin\AppData\Loca...}, goog:chromeOptions: {debuggerAddress: localhost:57050}, javascriptEnabled: true, networkConnectionEnabled: false, pageLoadStrategy: normal, platform: WINDOWS, platformName: WINDOWS, proxy: Proxy(), setWindowRect: true, strictFileInteractability: false, timeouts: {implicit: 0, pageLoad: 300000, script: 30000}, unhandledPromptBehavior: dismiss and notify}
Session ID: f8a70d22c5b5e8224534212f0c57d70d
	at org.openqa.selenium.remote.http.W3CHttpResponseCodec.createException(W3CHttpResponseCodec.java:187)
	at org.openqa.selenium.remote.http.W3CHttpResponseCodec.decode(W3CHttpResponseCodec.java:122)
	at org.openqa.selenium.remote.http.W3CHttpResponseCodec.decode(W3CHttpResponseCodec.java:49)
	at org.openqa.selenium.remote.HttpCommandExecutor.execute(HttpCommandExecutor.java:158)
	at org.openqa.selenium.remote.service.DriverCommandExecutor.execute(DriverCommandExecutor.java:83)
	at org.openqa.selenium.remote.RemoteWebDriver.execute(RemoteWebDriver.java:552)
	at org.openqa.selenium.remote.RemoteWebElement.execute(RemoteWebElement.java:285)
	at org.openqa.selenium.remote.RemoteWebElement.click(RemoteWebElement.java:84)
	at pages.SearchPage.searchauto(SearchPage.java:28)
	at tests.WearchProductUsingAutoSuggest.searchat(WearchProductUsingAutoSuggest.java:13)
	at java.util.ArrayList.forEach(Unknown Source)
... Removed 31 stack frames
</div> <!-- stack-trace -->
                </div> <!-- method-content -->
              </div> <!-- method -->
            </div> <!-- main-panel-content rounded-window-bottom -->
          </div> <!-- suite-ecommerce_regression_Suite-class-failed -->
          <div class="suite-ecommerce_regression_Suite-class-failed">
            <div class="main-panel-header rounded-window-top">
              <img src="failed.png"/>
              <span class="class-name">tests.AddProductToWishlist</span>
            </div> <!-- main-panel-header rounded-window-top -->
            <div class="main-panel-content rounded-window-bottom">
              <div class="method">
                <div class="method-content">
                  <a name="openreg">
                  </a> <!-- openreg -->
                  <span class="method-name">openreg</span>
                  <div class="stack-trace">org.openqa.selenium.NoSuchElementException: no such element: Unable to locate element: {&quot;method&quot;:&quot;link text&quot;,&quot;selector&quot;:&quot;Register&quot;}
  (Session info: chrome=80.0.3987.149)
For documentation on this error, please visit: https://www.seleniumhq.org/exceptions/no_such_element.html
Build info: version: &apos;3.141.59&apos;, revision: &apos;e82be7d358&apos;, time: &apos;2018-11-14T08:17:03&apos;
System info: host: &apos;DESKTOP-3CGV4TH&apos;, ip: &apos;192.168.1.6&apos;, os.name: &apos;Windows 10&apos;, os.arch: &apos;amd64&apos;, os.version: &apos;10.0&apos;, java.version: &apos;1.8.0_241&apos;
Driver info: org.openqa.selenium.chrome.ChromeDriver
Capabilities {acceptInsecureCerts: false, browserName: chrome, browserVersion: 80.0.3987.149, chrome: {chromedriverVersion: 80.0.3987.16 (320f6526c1632..., userDataDir: C:\Users\Admin\AppData\Loca...}, goog:chromeOptions: {debuggerAddress: localhost:57050}, javascriptEnabled: true, networkConnectionEnabled: false, pageLoadStrategy: normal, platform: WINDOWS, platformName: WINDOWS, proxy: Proxy(), setWindowRect: true, strictFileInteractability: false, timeouts: {implicit: 0, pageLoad: 300000, script: 30000}, unhandledPromptBehavior: dismiss and notify}
Session ID: f8a70d22c5b5e8224534212f0c57d70d
*** Element info: {Using=link text, value=Register}
	at org.openqa.selenium.remote.http.W3CHttpResponseCodec.createException(W3CHttpResponseCodec.java:187)
	at org.openqa.selenium.remote.http.W3CHttpResponseCodec.decode(W3CHttpResponseCodec.java:122)
	at org.openqa.selenium.remote.http.W3CHttpResponseCodec.decode(W3CHttpResponseCodec.java:49)
	at org.openqa.selenium.remote.HttpCommandExecutor.execute(HttpCommandExecutor.java:158)
	at org.openqa.selenium.remote.service.DriverCommandExecutor.execute(DriverCommandExecutor.java:83)
	at org.openqa.selenium.remote.RemoteWebDriver.execute(RemoteWebDriver.java:552)
	at org.openqa.selenium.remote.RemoteWebDriver.findElement(RemoteWebDriver.java:323)
	at org.openqa.selenium.remote.RemoteWebDriver.findElementByLinkText(RemoteWebDriver.java:380)
	at org.openqa.selenium.By$ByLinkText.findElement(By.java:220)
	at org.openqa.selenium.remote.RemoteWebDriver.findElement(RemoteWebDriver.java:315)
	at org.openqa.selenium.support.pagefactory.DefaultElementLocator.findElement(DefaultElementLocator.java:69)
	at org.openqa.selenium.support.pagefactory.internal.LocatingElementHandler.invoke(LocatingElementHandler.java:38)
	at com.sun.proxy.$Proxy12.click(Unknown Source)
	at pages.HomePage.Openregister(HomePage.java:31)
	at tests.AddProductToWishlist.openreg(AddProductToWishlist.java:28)
	at java.util.ArrayList.forEach(Unknown Source)
... Removed 31 stack frames
</div> <!-- stack-trace -->
                </div> <!-- method-content -->
              </div> <!-- method -->
            </div> <!-- main-panel-content rounded-window-bottom -->
          </div> <!-- suite-ecommerce_regression_Suite-class-failed -->
          <div class="suite-ecommerce_regression_Suite-class-failed">
            <div class="main-panel-header rounded-window-top">
              <img src="failed.png"/>
              <span class="class-name">tests.LoginTest</span>
            </div> <!-- main-panel-header rounded-window-top -->
            <div class="main-panel-content rounded-window-bottom">
              <div class="method">
                <div class="method-content">
                  <a name="login1">
                  </a> <!-- login1 -->
                  <span class="method-name">login1</span>
                  <div class="stack-trace">org.openqa.selenium.NoSuchElementException: no such element: Unable to locate element: {&quot;method&quot;:&quot;css selector&quot;,&quot;selector&quot;:&quot;.ico\-login&quot;}
  (Session info: chrome=80.0.3987.149)
For documentation on this error, please visit: https://www.seleniumhq.org/exceptions/no_such_element.html
Build info: version: &apos;3.141.59&apos;, revision: &apos;e82be7d358&apos;, time: &apos;2018-11-14T08:17:03&apos;
System info: host: &apos;DESKTOP-3CGV4TH&apos;, ip: &apos;192.168.1.6&apos;, os.name: &apos;Windows 10&apos;, os.arch: &apos;amd64&apos;, os.version: &apos;10.0&apos;, java.version: &apos;1.8.0_241&apos;
Driver info: org.openqa.selenium.chrome.ChromeDriver
Capabilities {acceptInsecureCerts: false, browserName: chrome, browserVersion: 80.0.3987.149, chrome: {chromedriverVersion: 80.0.3987.16 (320f6526c1632..., userDataDir: C:\Users\Admin\AppData\Loca...}, goog:chromeOptions: {debuggerAddress: localhost:57050}, javascriptEnabled: true, networkConnectionEnabled: false, pageLoadStrategy: normal, platform: WINDOWS, platformName: WINDOWS, proxy: Proxy(), setWindowRect: true, strictFileInteractability: false, timeouts: {implicit: 0, pageLoad: 300000, script: 30000}, unhandledPromptBehavior: dismiss and notify}
Session ID: f8a70d22c5b5e8224534212f0c57d70d
*** Element info: {Using=class name, value=ico-login}
	at org.openqa.selenium.remote.http.W3CHttpResponseCodec.createException(W3CHttpResponseCodec.java:187)
	at org.openqa.selenium.remote.http.W3CHttpResponseCodec.decode(W3CHttpResponseCodec.java:122)
	at org.openqa.selenium.remote.http.W3CHttpResponseCodec.decode(W3CHttpResponseCodec.java:49)
	at org.openqa.selenium.remote.HttpCommandExecutor.execute(HttpCommandExecutor.java:158)
	at org.openqa.selenium.remote.service.DriverCommandExecutor.execute(DriverCommandExecutor.java:83)
	at org.openqa.selenium.remote.RemoteWebDriver.execute(RemoteWebDriver.java:552)
	at org.openqa.selenium.remote.RemoteWebDriver.findElement(RemoteWebDriver.java:323)
	at org.openqa.selenium.remote.RemoteWebDriver.findElementByClassName(RemoteWebDriver.java:412)
	at org.openqa.selenium.By$ByClassName.findElement(By.java:389)
	at org.openqa.selenium.remote.RemoteWebDriver.findElement(RemoteWebDriver.java:315)
	at org.openqa.selenium.support.pagefactory.DefaultElementLocator.findElement(DefaultElementLocator.java:69)
	at org.openqa.selenium.support.pagefactory.internal.LocatingElementHandler.invoke(LocatingElementHandler.java:38)
	at com.sun.proxy.$Proxy12.click(Unknown Source)
	at pages.HomePage.openLoginPage(HomePage.java:34)
	at tests.LoginTest.login1(LoginTest.java:15)
	at java.util.ArrayList.forEach(Unknown Source)
... Removed 31 stack frames
</div> <!-- stack-trace -->
                </div> <!-- method-content -->
              </div> <!-- method -->
            </div> <!-- main-panel-content rounded-window-bottom -->
          </div> <!-- suite-ecommerce_regression_Suite-class-failed -->
          <div class="suite-ecommerce_regression_Suite-class-failed">
            <div class="main-panel-header rounded-window-top">
              <img src="failed.png"/>
              <span class="class-name">tests.ProductReviewTest</span>
            </div> <!-- main-panel-header rounded-window-top -->
            <div class="main-panel-content rounded-window-bottom">
              <div class="method">
                <div class="method-content">
                  <a name="openreg">
                  </a> <!-- openreg -->
                  <span class="method-name">openreg</span>
                  <div class="stack-trace">org.openqa.selenium.NoSuchElementException: no such element: Unable to locate element: {&quot;method&quot;:&quot;link text&quot;,&quot;selector&quot;:&quot;Register&quot;}
  (Session info: chrome=80.0.3987.149)
For documentation on this error, please visit: https://www.seleniumhq.org/exceptions/no_such_element.html
Build info: version: &apos;3.141.59&apos;, revision: &apos;e82be7d358&apos;, time: &apos;2018-11-14T08:17:03&apos;
System info: host: &apos;DESKTOP-3CGV4TH&apos;, ip: &apos;192.168.1.6&apos;, os.name: &apos;Windows 10&apos;, os.arch: &apos;amd64&apos;, os.version: &apos;10.0&apos;, java.version: &apos;1.8.0_241&apos;
Driver info: org.openqa.selenium.chrome.ChromeDriver
Capabilities {acceptInsecureCerts: false, browserName: chrome, browserVersion: 80.0.3987.149, chrome: {chromedriverVersion: 80.0.3987.16 (320f6526c1632..., userDataDir: C:\Users\Admin\AppData\Loca...}, goog:chromeOptions: {debuggerAddress: localhost:57050}, javascriptEnabled: true, networkConnectionEnabled: false, pageLoadStrategy: normal, platform: WINDOWS, platformName: WINDOWS, proxy: Proxy(), setWindowRect: true, strictFileInteractability: false, timeouts: {implicit: 0, pageLoad: 300000, script: 30000}, unhandledPromptBehavior: dismiss and notify}
Session ID: f8a70d22c5b5e8224534212f0c57d70d
*** Element info: {Using=link text, value=Register}
	at org.openqa.selenium.remote.http.W3CHttpResponseCodec.createException(W3CHttpResponseCodec.java:187)
	at org.openqa.selenium.remote.http.W3CHttpResponseCodec.decode(W3CHttpResponseCodec.java:122)
	at org.openqa.selenium.remote.http.W3CHttpResponseCodec.decode(W3CHttpResponseCodec.java:49)
	at org.openqa.selenium.remote.HttpCommandExecutor.execute(HttpCommandExecutor.java:158)
	at org.openqa.selenium.remote.service.DriverCommandExecutor.execute(DriverCommandExecutor.java:83)
	at org.openqa.selenium.remote.RemoteWebDriver.execute(RemoteWebDriver.java:552)
	at org.openqa.selenium.remote.RemoteWebDriver.findElement(RemoteWebDriver.java:323)
	at org.openqa.selenium.remote.RemoteWebDriver.findElementByLinkText(RemoteWebDriver.java:380)
	at org.openqa.selenium.By$ByLinkText.findElement(By.java:220)
	at org.openqa.selenium.remote.RemoteWebDriver.findElement(RemoteWebDriver.java:315)
	at org.openqa.selenium.support.pagefactory.DefaultElementLocator.findElement(DefaultElementLocator.java:69)
	at org.openqa.selenium.support.pagefactory.internal.LocatingElementHandler.invoke(LocatingElementHandler.java:38)
	at com.sun.proxy.$Proxy12.click(Unknown Source)
	at pages.HomePage.Openregister(HomePage.java:31)
	at tests.ProductReviewTest.openreg(ProductReviewTest.java:26)
	at java.util.ArrayList.forEach(Unknown Source)
... Removed 31 stack frames
</div> <!-- stack-trace -->
                </div> <!-- method-content -->
              </div> <!-- method -->
            </div> <!-- main-panel-content rounded-window-bottom -->
          </div> <!-- suite-ecommerce_regression_Suite-class-failed -->
          <div class="suite-ecommerce_regression_Suite-class-failed">
            <div class="main-panel-header rounded-window-top">
              <img src="failed.png"/>
              <span class="class-name">tests.CurrentTest</span>
            </div> <!-- main-panel-header rounded-window-top -->
            <div class="main-panel-content rounded-window-bottom">
              <div class="method">
                <div class="method-content">
                  <a name="checktrue">
                  </a> <!-- checktrue -->
                  <span class="method-name">checktrue</span>
                  <div class="stack-trace">java.lang.AssertionError: expected [true] but found [false]
	at tests.CurrentTest.checktrue(CurrentTest.java:35)
	at java.util.ArrayList.forEach(Unknown Source)
... Removed 31 stack frames
</div> <!-- stack-trace -->
                </div> <!-- method-content -->
              </div> <!-- method -->
            </div> <!-- main-panel-content rounded-window-bottom -->
          </div> <!-- suite-ecommerce_regression_Suite-class-failed -->
          <div class="suite-ecommerce_regression_Suite-class-failed">
            <div class="main-panel-header rounded-window-top">
              <img src="failed.png"/>
              <span class="class-name">tests.CheckoutTest</span>
            </div> <!-- main-panel-header rounded-window-top -->
            <div class="main-panel-content rounded-window-bottom">
              <div class="method">
                <div class="method-content">
                  <a name="openreg">
                  </a> <!-- openreg -->
                  <span class="method-name">openreg</span>
                  <div class="stack-trace">org.openqa.selenium.NoSuchElementException: no such element: Unable to locate element: {&quot;method&quot;:&quot;link text&quot;,&quot;selector&quot;:&quot;Register&quot;}
  (Session info: chrome=80.0.3987.149)
For documentation on this error, please visit: https://www.seleniumhq.org/exceptions/no_such_element.html
Build info: version: &apos;3.141.59&apos;, revision: &apos;e82be7d358&apos;, time: &apos;2018-11-14T08:17:03&apos;
System info: host: &apos;DESKTOP-3CGV4TH&apos;, ip: &apos;192.168.1.6&apos;, os.name: &apos;Windows 10&apos;, os.arch: &apos;amd64&apos;, os.version: &apos;10.0&apos;, java.version: &apos;1.8.0_241&apos;
Driver info: org.openqa.selenium.chrome.ChromeDriver
Capabilities {acceptInsecureCerts: false, browserName: chrome, browserVersion: 80.0.3987.149, chrome: {chromedriverVersion: 80.0.3987.16 (320f6526c1632..., userDataDir: C:\Users\Admin\AppData\Loca...}, goog:chromeOptions: {debuggerAddress: localhost:57050}, javascriptEnabled: true, networkConnectionEnabled: false, pageLoadStrategy: normal, platform: WINDOWS, platformName: WINDOWS, proxy: Proxy(), setWindowRect: true, strictFileInteractability: false, timeouts: {implicit: 0, pageLoad: 300000, script: 30000}, unhandledPromptBehavior: dismiss and notify}
Session ID: f8a70d22c5b5e8224534212f0c57d70d
*** Element info: {Using=link text, value=Register}
	at org.openqa.selenium.remote.http.W3CHttpResponseCodec.createException(W3CHttpResponseCodec.java:187)
	at org.openqa.selenium.remote.http.W3CHttpResponseCodec.decode(W3CHttpResponseCodec.java:122)
	at org.openqa.selenium.remote.http.W3CHttpResponseCodec.decode(W3CHttpResponseCodec.java:49)
	at org.openqa.selenium.remote.HttpCommandExecutor.execute(HttpCommandExecutor.java:158)
	at org.openqa.selenium.remote.service.DriverCommandExecutor.execute(DriverCommandExecutor.java:83)
	at org.openqa.selenium.remote.RemoteWebDriver.execute(RemoteWebDriver.java:552)
	at org.openqa.selenium.remote.RemoteWebDriver.findElement(RemoteWebDriver.java:323)
	at org.openqa.selenium.remote.RemoteWebDriver.findElementByLinkText(RemoteWebDriver.java:380)
	at org.openqa.selenium.By$ByLinkText.findElement(By.java:220)
	at org.openqa.selenium.remote.RemoteWebDriver.findElement(RemoteWebDriver.java:315)
	at org.openqa.selenium.support.pagefactory.DefaultElementLocator.findElement(DefaultElementLocator.java:69)
	at org.openqa.selenium.support.pagefactory.internal.LocatingElementHandler.invoke(LocatingElementHandler.java:38)
	at com.sun.proxy.$Proxy12.click(Unknown Source)
	at pages.HomePage.Openregister(HomePage.java:31)
	at tests.CheckoutTest.openreg(CheckoutTest.java:36)
	at java.util.ArrayList.forEach(Unknown Source)
... Removed 31 stack frames
</div> <!-- stack-trace -->
                </div> <!-- method-content -->
              </div> <!-- method -->
            </div> <!-- main-panel-content rounded-window-bottom -->
          </div> <!-- suite-ecommerce_regression_Suite-class-failed -->
          <div class="suite-ecommerce_regression_Suite-class-failed">
            <div class="main-panel-header rounded-window-top">
              <img src="failed.png"/>
              <span class="class-name">tests.AddTocartTest</span>
            </div> <!-- main-panel-header rounded-window-top -->
            <div class="main-panel-content rounded-window-bottom">
              <div class="method">
                <div class="method-content">
                  <a name="openreg">
                  </a> <!-- openreg -->
                  <span class="method-name">openreg</span>
                  <div class="stack-trace">org.openqa.selenium.NoSuchElementException: no such element: Unable to locate element: {&quot;method&quot;:&quot;link text&quot;,&quot;selector&quot;:&quot;Register&quot;}
  (Session info: chrome=80.0.3987.149)
For documentation on this error, please visit: https://www.seleniumhq.org/exceptions/no_such_element.html
Build info: version: &apos;3.141.59&apos;, revision: &apos;e82be7d358&apos;, time: &apos;2018-11-14T08:17:03&apos;
System info: host: &apos;DESKTOP-3CGV4TH&apos;, ip: &apos;192.168.1.6&apos;, os.name: &apos;Windows 10&apos;, os.arch: &apos;amd64&apos;, os.version: &apos;10.0&apos;, java.version: &apos;1.8.0_241&apos;
Driver info: org.openqa.selenium.chrome.ChromeDriver
Capabilities {acceptInsecureCerts: false, browserName: chrome, browserVersion: 80.0.3987.149, chrome: {chromedriverVersion: 80.0.3987.16 (320f6526c1632..., userDataDir: C:\Users\Admin\AppData\Loca...}, goog:chromeOptions: {debuggerAddress: localhost:57050}, javascriptEnabled: true, networkConnectionEnabled: false, pageLoadStrategy: normal, platform: WINDOWS, platformName: WINDOWS, proxy: Proxy(), setWindowRect: true, strictFileInteractability: false, timeouts: {implicit: 0, pageLoad: 300000, script: 30000}, unhandledPromptBehavior: dismiss and notify}
Session ID: f8a70d22c5b5e8224534212f0c57d70d
*** Element info: {Using=link text, value=Register}
	at org.openqa.selenium.remote.http.W3CHttpResponseCodec.createException(W3CHttpResponseCodec.java:187)
	at org.openqa.selenium.remote.http.W3CHttpResponseCodec.decode(W3CHttpResponseCodec.java:122)
	at org.openqa.selenium.remote.http.W3CHttpResponseCodec.decode(W3CHttpResponseCodec.java:49)
	at org.openqa.selenium.remote.HttpCommandExecutor.execute(HttpCommandExecutor.java:158)
	at org.openqa.selenium.remote.service.DriverCommandExecutor.execute(DriverCommandExecutor.java:83)
	at org.openqa.selenium.remote.RemoteWebDriver.execute(RemoteWebDriver.java:552)
	at org.openqa.selenium.remote.RemoteWebDriver.findElement(RemoteWebDriver.java:323)
	at org.openqa.selenium.remote.RemoteWebDriver.findElementByLinkText(RemoteWebDriver.java:380)
	at org.openqa.selenium.By$ByLinkText.findElement(By.java:220)
	at org.openqa.selenium.remote.RemoteWebDriver.findElement(RemoteWebDriver.java:315)
	at org.openqa.selenium.support.pagefactory.DefaultElementLocator.findElement(DefaultElementLocator.java:69)
	at org.openqa.selenium.support.pagefactory.internal.LocatingElementHandler.invoke(LocatingElementHandler.java:38)
	at com.sun.proxy.$Proxy12.click(Unknown Source)
	at pages.HomePage.Openregister(HomePage.java:31)
	at tests.AddTocartTest.openreg(AddTocartTest.java:36)
	at java.util.ArrayList.forEach(Unknown Source)
... Removed 31 stack frames
</div> <!-- stack-trace -->
                </div> <!-- method-content -->
              </div> <!-- method -->
            </div> <!-- main-panel-content rounded-window-bottom -->
          </div> <!-- suite-ecommerce_regression_Suite-class-failed -->
          <div class="suite-ecommerce_regression_Suite-class-failed">
            <div class="main-panel-header rounded-window-top">
              <img src="failed.png"/>
              <span class="class-name">tests.ComparelistTEst</span>
            </div> <!-- main-panel-header rounded-window-top -->
            <div class="main-panel-content rounded-window-bottom">
              <div class="method">
                <div class="method-content">
                  <a name="openreg">
                  </a> <!-- openreg -->
                  <span class="method-name">openreg</span>
                  <div class="stack-trace">org.openqa.selenium.NoSuchElementException: no such element: Unable to locate element: {&quot;method&quot;:&quot;link text&quot;,&quot;selector&quot;:&quot;Register&quot;}
  (Session info: chrome=80.0.3987.149)
For documentation on this error, please visit: https://www.seleniumhq.org/exceptions/no_such_element.html
Build info: version: &apos;3.141.59&apos;, revision: &apos;e82be7d358&apos;, time: &apos;2018-11-14T08:17:03&apos;
System info: host: &apos;DESKTOP-3CGV4TH&apos;, ip: &apos;192.168.1.6&apos;, os.name: &apos;Windows 10&apos;, os.arch: &apos;amd64&apos;, os.version: &apos;10.0&apos;, java.version: &apos;1.8.0_241&apos;
Driver info: org.openqa.selenium.chrome.ChromeDriver
Capabilities {acceptInsecureCerts: false, browserName: chrome, browserVersion: 80.0.3987.149, chrome: {chromedriverVersion: 80.0.3987.16 (320f6526c1632..., userDataDir: C:\Users\Admin\AppData\Loca...}, goog:chromeOptions: {debuggerAddress: localhost:57050}, javascriptEnabled: true, networkConnectionEnabled: false, pageLoadStrategy: normal, platform: WINDOWS, platformName: WINDOWS, proxy: Proxy(), setWindowRect: true, strictFileInteractability: false, timeouts: {implicit: 0, pageLoad: 300000, script: 30000}, unhandledPromptBehavior: dismiss and notify}
Session ID: f8a70d22c5b5e8224534212f0c57d70d
*** Element info: {Using=link text, value=Register}
	at org.openqa.selenium.remote.http.W3CHttpResponseCodec.createException(W3CHttpResponseCodec.java:187)
	at org.openqa.selenium.remote.http.W3CHttpResponseCodec.decode(W3CHttpResponseCodec.java:122)
	at org.openqa.selenium.remote.http.W3CHttpResponseCodec.decode(W3CHttpResponseCodec.java:49)
	at org.openqa.selenium.remote.HttpCommandExecutor.execute(HttpCommandExecutor.java:158)
	at org.openqa.selenium.remote.service.DriverCommandExecutor.execute(DriverCommandExecutor.java:83)
	at org.openqa.selenium.remote.RemoteWebDriver.execute(RemoteWebDriver.java:552)
	at org.openqa.selenium.remote.RemoteWebDriver.findElement(RemoteWebDriver.java:323)
	at org.openqa.selenium.remote.RemoteWebDriver.findElementByLinkText(RemoteWebDriver.java:380)
	at org.openqa.selenium.By$ByLinkText.findElement(By.java:220)
	at org.openqa.selenium.remote.RemoteWebDriver.findElement(RemoteWebDriver.java:315)
	at org.openqa.selenium.support.pagefactory.DefaultElementLocator.findElement(DefaultElementLocator.java:69)
	at org.openqa.selenium.support.pagefactory.internal.LocatingElementHandler.invoke(LocatingElementHandler.java:38)
	at com.sun.proxy.$Proxy12.click(Unknown Source)
	at pages.HomePage.Openregister(HomePage.java:31)
	at tests.ComparelistTEst.openreg(ComparelistTEst.java:30)
	at java.util.ArrayList.forEach(Unknown Source)
... Removed 31 stack frames
</div> <!-- stack-trace -->
                </div> <!-- method-content -->
              </div> <!-- method -->
            </div> <!-- main-panel-content rounded-window-bottom -->
          </div> <!-- suite-ecommerce_regression_Suite-class-failed -->
          <div class="suite-ecommerce_regression_Suite-class-skipped">
            <div class="main-panel-header rounded-window-top">
              <img src="skipped.png"/>
              <span class="class-name">tests.EmailtofriendTest</span>
            </div> <!-- main-panel-header rounded-window-top -->
            <div class="main-panel-content rounded-window-bottom">
              <div class="method">
                <div class="method-content">
                  <a name="SearchProduct">
                  </a> <!-- SearchProduct -->
                  <span class="method-name">SearchProduct</span>
                  <div class="stack-trace">java.lang.Throwable: Method EmailtofriendTest.SearchProduct()[pri:2, instance:tests.EmailtofriendTest@48503868] depends on not successfully finished methods
	at java.util.ArrayList.forEach(Unknown Source)
... Removed 18 stack frames
</div> <!-- stack-trace -->
                </div> <!-- method-content -->
              </div> <!-- method -->
              <div class="method">
                <div class="method-content">
                  <a name="openemailpage">
                  </a> <!-- openemailpage -->
                  <span class="method-name">openemailpage</span>
                  <div class="stack-trace">java.lang.Throwable: Method EmailtofriendTest.openemailpage()[pri:3, instance:tests.EmailtofriendTest@48503868] depends on not successfully finished methods
	at java.util.ArrayList.forEach(Unknown Source)
... Removed 18 stack frames
</div> <!-- stack-trace -->
                </div> <!-- method-content -->
              </div> <!-- method -->
              <div class="method">
                <div class="method-content">
                  <a name="sendemail">
                  </a> <!-- sendemail -->
                  <span class="method-name">sendemail</span>
                  <div class="stack-trace">java.lang.Throwable: Method EmailtofriendTest.sendemail()[pri:4, instance:tests.EmailtofriendTest@48503868] depends on not successfully finished methods
	at java.util.ArrayList.forEach(Unknown Source)
... Removed 18 stack frames
</div> <!-- stack-trace -->
                </div> <!-- method-content -->
              </div> <!-- method -->
              <div class="method">
                <div class="method-content">
                  <a name="userreg">
                  </a> <!-- userreg -->
                  <span class="method-name">userreg</span>
                  <div class="stack-trace">java.lang.Throwable: Method EmailtofriendTest.userreg()[pri:1, instance:tests.EmailtofriendTest@48503868] depends on not successfully finished methods
	at java.util.ArrayList.forEach(Unknown Source)
... Removed 18 stack frames
</div> <!-- stack-trace -->
                </div> <!-- method-content -->
              </div> <!-- method -->
            </div> <!-- main-panel-content rounded-window-bottom -->
          </div> <!-- suite-ecommerce_regression_Suite-class-skipped -->
          <div class="suite-ecommerce_regression_Suite-class-skipped">
            <div class="main-panel-header rounded-window-top">
              <img src="skipped.png"/>
              <span class="class-name">tests.AddProductToWishlist</span>
            </div> <!-- main-panel-header rounded-window-top -->
            <div class="main-panel-content rounded-window-bottom">
              <div class="method">
                <div class="method-content">
                  <a name="addprod">
                  </a> <!-- addprod -->
                  <span class="method-name">addprod</span>
                  <div class="stack-trace">java.lang.Throwable: Method AddProductToWishlist.addprod()[pri:0, instance:tests.AddProductToWishlist@d44fc21] depends on not successfully finished methods
	at java.util.ArrayList.forEach(Unknown Source)
... Removed 18 stack frames
</div> <!-- stack-trace -->
                </div> <!-- method-content -->
              </div> <!-- method -->
              <div class="method">
                <div class="method-content">
                  <a name="addtowish">
                  </a> <!-- addtowish -->
                  <span class="method-name">addtowish</span>
                  <div class="stack-trace">java.lang.Throwable: Method AddProductToWishlist.addtowish()[pri:0, instance:tests.AddProductToWishlist@d44fc21] depends on not successfully finished methods
	at java.util.ArrayList.forEach(Unknown Source)
... Removed 18 stack frames
</div> <!-- stack-trace -->
                </div> <!-- method-content -->
              </div> <!-- method -->
              <div class="method">
                <div class="method-content">
                  <a name="searchprod">
                  </a> <!-- searchprod -->
                  <span class="method-name">searchprod</span>
                  <div class="stack-trace">java.lang.Throwable: Method AddProductToWishlist.searchprod()[pri:0, instance:tests.AddProductToWishlist@d44fc21] depends on not successfully finished methods
	at java.util.ArrayList.forEach(Unknown Source)
... Removed 18 stack frames
</div> <!-- stack-trace -->
                </div> <!-- method-content -->
              </div> <!-- method -->
            </div> <!-- main-panel-content rounded-window-bottom -->
          </div> <!-- suite-ecommerce_regression_Suite-class-skipped -->
          <div class="suite-ecommerce_regression_Suite-class-skipped">
            <div class="main-panel-header rounded-window-top">
              <img src="skipped.png"/>
              <span class="class-name">tests.ProductReviewTest</span>
            </div> <!-- main-panel-header rounded-window-top -->
            <div class="main-panel-content rounded-window-bottom">
              <div class="method">
                <div class="method-content">
                  <a name="addreview">
                  </a> <!-- addreview -->
                  <span class="method-name">addreview</span>
                  <div class="stack-trace">java.lang.Throwable: Method ProductReviewTest.addreview()[pri:0, instance:tests.ProductReviewTest@1f7030a6] depends on not successfully finished methods
	at java.util.ArrayList.forEach(Unknown Source)
... Removed 18 stack frames
</div> <!-- stack-trace -->
                </div> <!-- method-content -->
              </div> <!-- method -->
              <div class="method">
                <div class="method-content">
                  <a name="openrevi">
                  </a> <!-- openrevi -->
                  <span class="method-name">openrevi</span>
                  <div class="stack-trace">java.lang.Throwable: Method ProductReviewTest.openrevi()[pri:0, instance:tests.ProductReviewTest@1f7030a6] depends on not successfully finished methods
	at java.util.ArrayList.forEach(Unknown Source)
... Removed 18 stack frames
</div> <!-- stack-trace -->
                </div> <!-- method-content -->
              </div> <!-- method -->
              <div class="method">
                <div class="method-content">
                  <a name="searchprod">
                  </a> <!-- searchprod -->
                  <span class="method-name">searchprod</span>
                  <div class="stack-trace">java.lang.Throwable: Method ProductReviewTest.searchprod()[pri:0, instance:tests.ProductReviewTest@1f7030a6] depends on not successfully finished methods
	at java.util.ArrayList.forEach(Unknown Source)
... Removed 18 stack frames
</div> <!-- stack-trace -->
                </div> <!-- method-content -->
              </div> <!-- method -->
            </div> <!-- main-panel-content rounded-window-bottom -->
          </div> <!-- suite-ecommerce_regression_Suite-class-skipped -->
          <div class="suite-ecommerce_regression_Suite-class-skipped">
            <div class="main-panel-header rounded-window-top">
              <img src="skipped.png"/>
              <span class="class-name">tests.CheckoutTest</span>
            </div> <!-- main-panel-header rounded-window-top -->
            <div class="main-panel-content rounded-window-bottom">
              <div class="method">
                <div class="method-content">
                  <a name="addtocart">
                  </a> <!-- addtocart -->
                  <span class="method-name">addtocart</span>
                  <div class="stack-trace">java.lang.Throwable: Method CheckoutTest.addtocart()[pri:0, instance:tests.CheckoutTest@2d6eabae] depends on not successfully finished methods
	at java.util.ArrayList.forEach(Unknown Source)
... Removed 18 stack frames
</div> <!-- stack-trace -->
                </div> <!-- method-content -->
              </div> <!-- method -->
              <div class="method">
                <div class="method-content">
                  <a name="check">
                  </a> <!-- check -->
                  <span class="method-name">check</span>
                  <div class="stack-trace">java.lang.Throwable: Method CheckoutTest.check()[pri:0, instance:tests.CheckoutTest@2d6eabae] depends on not successfully finished methods
	at java.util.ArrayList.forEach(Unknown Source)
... Removed 18 stack frames
</div> <!-- stack-trace -->
                </div> <!-- method-content -->
              </div> <!-- method -->
              <div class="method">
                <div class="method-content">
                  <a name="checkout">
                  </a> <!-- checkout -->
                  <span class="method-name">checkout</span>
                  <div class="stack-trace">java.lang.Throwable: Method CheckoutTest.checkout()[pri:0, instance:tests.CheckoutTest@2d6eabae] depends on not successfully finished methods
	at java.util.ArrayList.forEach(Unknown Source)
... Removed 18 stack frames
</div> <!-- stack-trace -->
                </div> <!-- method-content -->
              </div> <!-- method -->
              <div class="method">
                <div class="method-content">
                  <a name="gotocart">
                  </a> <!-- gotocart -->
                  <span class="method-name">gotocart</span>
                  <div class="stack-trace">java.lang.Throwable: Method CheckoutTest.gotocart()[pri:0, instance:tests.CheckoutTest@2d6eabae] depends on not successfully finished methods
	at java.util.ArrayList.forEach(Unknown Source)
... Removed 18 stack frames
</div> <!-- stack-trace -->
                </div> <!-- method-content -->
              </div> <!-- method -->
              <div class="method">
                <div class="method-content">
                  <a name="searchprod">
                  </a> <!-- searchprod -->
                  <span class="method-name">searchprod</span>
                  <div class="stack-trace">java.lang.Throwable: Method CheckoutTest.searchprod()[pri:0, instance:tests.CheckoutTest@2d6eabae] depends on not successfully finished methods
	at java.util.ArrayList.forEach(Unknown Source)
... Removed 18 stack frames
</div> <!-- stack-trace -->
                </div> <!-- method-content -->
              </div> <!-- method -->
            </div> <!-- main-panel-content rounded-window-bottom -->
          </div> <!-- suite-ecommerce_regression_Suite-class-skipped -->
          <div class="suite-ecommerce_regression_Suite-class-skipped">
            <div class="main-panel-header rounded-window-top">
              <img src="skipped.png"/>
              <span class="class-name">tests.AddTocartTest</span>
            </div> <!-- main-panel-header rounded-window-top -->
            <div class="main-panel-content rounded-window-bottom">
              <div class="method">
                <div class="method-content">
                  <a name="addtocart">
                  </a> <!-- addtocart -->
                  <span class="method-name">addtocart</span>
                  <div class="stack-trace">java.lang.Throwable: Method AddTocartTest.addtocart()[pri:0, instance:tests.AddTocartTest@23faf8f2] depends on not successfully finished methods
	at java.util.ArrayList.forEach(Unknown Source)
... Removed 18 stack frames
</div> <!-- stack-trace -->
                </div> <!-- method-content -->
              </div> <!-- method -->
              <div class="method">
                <div class="method-content">
                  <a name="check">
                  </a> <!-- check -->
                  <span class="method-name">check</span>
                  <div class="stack-trace">java.lang.Throwable: Method AddTocartTest.check()[pri:0, instance:tests.AddTocartTest@23faf8f2] depends on not successfully finished methods
	at java.util.ArrayList.forEach(Unknown Source)
... Removed 18 stack frames
</div> <!-- stack-trace -->
                </div> <!-- method-content -->
              </div> <!-- method -->
              <div class="method">
                <div class="method-content">
                  <a name="checkout">
                  </a> <!-- checkout -->
                  <span class="method-name">checkout</span>
                  <div class="stack-trace">java.lang.Throwable: Method AddTocartTest.checkout()[pri:0, instance:tests.AddTocartTest@23faf8f2] depends on not successfully finished methods
	at java.util.ArrayList.forEach(Unknown Source)
... Removed 18 stack frames
</div> <!-- stack-trace -->
                </div> <!-- method-content -->
              </div> <!-- method -->
              <div class="method">
                <div class="method-content">
                  <a name="gotocart">
                  </a> <!-- gotocart -->
                  <span class="method-name">gotocart</span>
                  <div class="stack-trace">java.lang.Throwable: Method AddTocartTest.gotocart()[pri:0, instance:tests.AddTocartTest@23faf8f2] depends on not successfully finished methods
	at java.util.ArrayList.forEach(Unknown Source)
... Removed 18 stack frames
</div> <!-- stack-trace -->
                </div> <!-- method-content -->
              </div> <!-- method -->
              <div class="method">
                <div class="method-content">
                  <a name="searchprod">
                  </a> <!-- searchprod -->
                  <span class="method-name">searchprod</span>
                  <div class="stack-trace">java.lang.Throwable: Method AddTocartTest.searchprod()[pri:0, instance:tests.AddTocartTest@23faf8f2] depends on not successfully finished methods
	at java.util.ArrayList.forEach(Unknown Source)
... Removed 18 stack frames
</div> <!-- stack-trace -->
                </div> <!-- method-content -->
              </div> <!-- method -->
            </div> <!-- main-panel-content rounded-window-bottom -->
          </div> <!-- suite-ecommerce_regression_Suite-class-skipped -->
          <div class="suite-ecommerce_regression_Suite-class-skipped">
            <div class="main-panel-header rounded-window-top">
              <img src="skipped.png"/>
              <span class="class-name">tests.ComparelistTEst</span>
            </div> <!-- main-panel-header rounded-window-top -->
            <div class="main-panel-content rounded-window-bottom">
              <div class="method">
                <div class="method-content">
                  <a name="addproducttocomparelist">
                  </a> <!-- addproducttocomparelist -->
                  <span class="method-name">addproducttocomparelist</span>
                  <div class="stack-trace">java.lang.Throwable: Method ComparelistTEst.addproducttocomparelist()[pri:0, instance:tests.ComparelistTEst@4e7dc304] depends on not successfully finished methods
	at java.util.ArrayList.forEach(Unknown Source)
... Removed 18 stack frames
</div> <!-- stack-trace -->
                </div> <!-- method-content -->
              </div> <!-- method -->
              <div class="method">
                <div class="method-content">
                  <a name="check">
                  </a> <!-- check -->
                  <span class="method-name">check</span>
                  <div class="stack-trace">java.lang.Throwable: Method ComparelistTEst.check()[pri:0, instance:tests.ComparelistTEst@4e7dc304] depends on not successfully finished methods
	at java.util.ArrayList.forEach(Unknown Source)
... Removed 18 stack frames
</div> <!-- stack-trace -->
                </div> <!-- method-content -->
              </div> <!-- method -->
              <div class="method">
                <div class="method-content">
                  <a name="removeproductfromcomparelist">
                  </a> <!-- removeproductfromcomparelist -->
                  <span class="method-name">removeproductfromcomparelist</span>
                  <div class="stack-trace">java.lang.Throwable: Method ComparelistTEst.removeproductfromcomparelist()[pri:0, instance:tests.ComparelistTEst@4e7dc304] depends on not successfully finished methods
	at java.util.ArrayList.forEach(Unknown Source)
... Removed 18 stack frames
</div> <!-- stack-trace -->
                </div> <!-- method-content -->
              </div> <!-- method -->
              <div class="method">
                <div class="method-content">
                  <a name="searchprod">
                  </a> <!-- searchprod -->
                  <span class="method-name">searchprod</span>
                  <div class="stack-trace">java.lang.Throwable: Method ComparelistTEst.searchprod()[pri:0, instance:tests.ComparelistTEst@4e7dc304] depends on not successfully finished methods
	at java.util.ArrayList.forEach(Unknown Source)
... Removed 18 stack frames
</div> <!-- stack-trace -->
                </div> <!-- method-content -->
              </div> <!-- method -->
            </div> <!-- main-panel-content rounded-window-bottom -->
          </div> <!-- suite-ecommerce_regression_Suite-class-skipped -->
          <div class="suite-ecommerce_regression_Suite-class-passed">
            <div class="main-panel-header rounded-window-top">
              <img src="passed.png"/>
              <span class="class-name">tests.ContactUsTest</span>
            </div> <!-- main-panel-header rounded-window-top -->
            <div class="main-panel-content rounded-window-bottom">
              <div class="method">
                <div class="method-content">
                  <a name="contactus">
                  </a> <!-- contactus -->
                  <span class="method-name">contactus</span>
                </div> <!-- method-content -->
              </div> <!-- method -->
            </div> <!-- main-panel-content rounded-window-bottom -->
          </div> <!-- suite-ecommerce_regression_Suite-class-passed -->
          <div class="suite-ecommerce_regression_Suite-class-passed">
            <div class="main-panel-header rounded-window-top">
              <img src="passed.png"/>
              <span class="class-name">tests.UserRegisterationTest</span>
            </div> <!-- main-panel-header rounded-window-top -->
            <div class="main-panel-content rounded-window-bottom">
              <div class="method">
                <div class="method-content">
                  <a name="login2">
                  </a> <!-- login2 -->
                  <span class="method-name">login2</span>
                </div> <!-- method-content -->
              </div> <!-- method -->
              <div class="method">
                <div class="method-content">
                  <a name="registerout1">
                  </a> <!-- registerout1 -->
                  <span class="method-name">registerout1</span>
                </div> <!-- method-content -->
              </div> <!-- method -->
              <div class="method">
                <div class="method-content">
                  <a name="registersucces">
                  </a> <!-- registersucces -->
                  <span class="method-name">registersucces</span>
                </div> <!-- method-content -->
              </div> <!-- method -->
            </div> <!-- main-panel-content rounded-window-bottom -->
          </div> <!-- suite-ecommerce_regression_Suite-class-passed -->
          <div class="suite-ecommerce_regression_Suite-class-passed">
            <div class="main-panel-header rounded-window-top">
              <img src="passed.png"/>
              <span class="class-name">tests.CurrentTest</span>
            </div> <!-- main-panel-header rounded-window-top -->
            <div class="main-panel-content rounded-window-bottom">
              <div class="method">
                <div class="method-content">
                  <a name="currentcheck">
                  </a> <!-- currentcheck -->
                  <span class="method-name">currentcheck</span>
                </div> <!-- method-content -->
              </div> <!-- method -->
              <div class="method">
                <div class="method-content">
                  <a name="searchp">
                  </a> <!-- searchp -->
                  <span class="method-name">searchp</span>
                </div> <!-- method-content -->
              </div> <!-- method -->
            </div> <!-- main-panel-content rounded-window-bottom -->
          </div> <!-- suite-ecommerce_regression_Suite-class-passed -->
          <div class="suite-ecommerce_regression_Suite-class-passed">
            <div class="main-panel-header rounded-window-top">
              <img src="passed.png"/>
              <span class="class-name">tests.ProductHoverMenuPage</span>
            </div> <!-- main-panel-header rounded-window-top -->
            <div class="main-panel-content rounded-window-bottom">
              <div class="method">
                <div class="method-content">
                  <a name="hovermen">
                  </a> <!-- hovermen -->
                  <span class="method-name">hovermen</span>
                </div> <!-- method-content -->
              </div> <!-- method -->
            </div> <!-- main-panel-content rounded-window-bottom -->
          </div> <!-- suite-ecommerce_regression_Suite-class-passed -->
          <div class="suite-ecommerce_regression_Suite-class-passed">
            <div class="main-panel-header rounded-window-top">
              <img src="passed.png"/>
              <span class="class-name">tests.SearchTest</span>
            </div> <!-- main-panel-header rounded-window-top -->
            <div class="main-panel-content rounded-window-bottom">
              <div class="method">
                <div class="method-content">
                  <a name="searchpr">
                  </a> <!-- searchpr -->
                  <span class="method-name">searchpr</span>
                </div> <!-- method-content -->
              </div> <!-- method -->
            </div> <!-- main-panel-content rounded-window-bottom -->
          </div> <!-- suite-ecommerce_regression_Suite-class-passed -->
        </div> <!-- panel ecommerce_regression_Suite -->
        <div panel-name="test-xml-ecommerce_regression_Suite" class="panel">
          <div class="main-panel-header rounded-window-top">
            <span class="header-content">D:\Auto\SecondMaven\testng.xml</span>
          </div> <!-- main-panel-header rounded-window-top -->
          <div class="main-panel-content rounded-window-bottom">
            <pre>
&lt;?xml version=&quot;1.0&quot; encoding=&quot;UTF-8&quot;?&gt;
&lt;!DOCTYPE suite SYSTEM &quot;https://testng.org/testng-1.0.dtd&quot;&gt;
&lt;suite guice-stage=&quot;DEVELOPMENT&quot; name=&quot;ecommerce regression Suite&quot;&gt;
  &lt;parameter name=&quot;browser&quot; value=&quot;chrome&quot;/&gt;
  &lt;test thread-count=&quot;5&quot; name=&quot;regression Test&quot;&gt;
    &lt;classes&gt;
      &lt;class name=&quot;tests.UserRegisterationTest&quot;/&gt;
      &lt;class name=&quot;tests.AddProductToWishlist&quot;/&gt;
      &lt;class name=&quot;tests.AddTocartTest&quot;/&gt;
      &lt;class name=&quot;tests.CheckoutTest&quot;/&gt;
      &lt;class name=&quot;tests.ComparelistTEst&quot;/&gt;
      &lt;class name=&quot;tests.ContactUsTest&quot;/&gt;
      &lt;class name=&quot;tests.CurrentTest&quot;/&gt;
      &lt;class name=&quot;tests.EmailtofriendTest&quot;/&gt;
      &lt;class name=&quot;tests.LoginTest&quot;/&gt;
      &lt;class name=&quot;tests.MyAccountTest&quot;/&gt;
      &lt;class name=&quot;tests.ProductHoverMenuPage&quot;/&gt;
      &lt;class name=&quot;tests.ProductReviewTest&quot;/&gt;
      &lt;class name=&quot;tests.SearchTest&quot;/&gt;
      &lt;class name=&quot;tests.TestBase&quot;/&gt;
      &lt;class name=&quot;tests.UserRegisterationTest&quot;/&gt;
      &lt;class name=&quot;tests.WearchProductUsingAutoSuggest&quot;/&gt;
    &lt;/classes&gt;
  &lt;/test&gt; &lt;!-- regression Test --&gt;
&lt;/suite&gt; &lt;!-- ecommerce regression Suite --&gt;
            </pre>
          </div> <!-- main-panel-content rounded-window-bottom -->
        </div> <!-- panel -->
        <div panel-name="testlist-ecommerce_regression_Suite" class="panel">
          <div class="main-panel-header rounded-window-top">
            <span class="header-content">Tests for ecommerce regression Suite</span>
          </div> <!-- main-panel-header rounded-window-top -->
          <div class="main-panel-content rounded-window-bottom">
            <ul>
              <li>
                <span class="test-name">regression Test (16 classes)</span>
              </li>
            </ul>
          </div> <!-- main-panel-content rounded-window-bottom -->
        </div> <!-- panel -->
        <div panel-name="group-ecommerce_regression_Suite" class="panel">
          <div class="main-panel-header rounded-window-top">
            <span class="header-content">Groups for ecommerce regression Suite</span>
          </div> <!-- main-panel-header rounded-window-top -->
          <div class="main-panel-content rounded-window-bottom">
          </div> <!-- main-panel-content rounded-window-bottom -->
        </div> <!-- panel -->
        <div panel-name="times-ecommerce_regression_Suite" class="panel">
          <div class="main-panel-header rounded-window-top">
            <span class="header-content">Times for ecommerce regression Suite</span>
          </div> <!-- main-panel-header rounded-window-top -->
          <div class="main-panel-content rounded-window-bottom">
            <div class="times-div">
              <script type="text/javascript">
suiteTableInitFunctions.push('tableData_ecommerce_regression_Suite');
function tableData_ecommerce_regression_Suite() {
var data = new google.visualization.DataTable();
data.addColumn('number', 'Number');
data.addColumn('string', 'Method');
data.addColumn('string', 'Class');
data.addColumn('number', 'Time (ms)');
data.addRows(43);
data.setCell(0, 0, 0)
data.setCell(0, 1, 'searchp')
data.setCell(0, 2, 'tests.CurrentTest')
data.setCell(0, 3, 9589);
data.setCell(1, 0, 1)
data.setCell(1, 1, 'registersucces')
data.setCell(1, 2, 'tests.UserRegisterationTest')
data.setCell(1, 3, 5972);
data.setCell(2, 0, 2)
data.setCell(2, 1, 'currentcheck')
data.setCell(2, 2, 'tests.CurrentTest')
data.setCell(2, 3, 5150);
data.setCell(3, 0, 3)
data.setCell(3, 1, 'login2')
data.setCell(3, 2, 'tests.UserRegisterationTest')
data.setCell(3, 3, 3968);
data.setCell(4, 0, 4)
data.setCell(4, 1, 'contactus')
data.setCell(4, 2, 'tests.ContactUsTest')
data.setCell(4, 3, 2763);
data.setCell(5, 0, 5)
data.setCell(5, 1, 'registerout1')
data.setCell(5, 2, 'tests.UserRegisterationTest')
data.setCell(5, 3, 2621);
data.setCell(6, 0, 6)
data.setCell(6, 1, 'searchat')
data.setCell(6, 2, 'tests.WearchProductUsingAutoSuggest')
data.setCell(6, 3, 2260);
data.setCell(7, 0, 7)
data.setCell(7, 1, 'hovermen')
data.setCell(7, 2, 'tests.ProductHoverMenuPage')
data.setCell(7, 3, 1844);
data.setCell(8, 0, 8)
data.setCell(8, 1, 'searchpr')
data.setCell(8, 2, 'tests.SearchTest')
data.setCell(8, 3, 1022);
data.setCell(9, 0, 9)
data.setCell(9, 1, 'openreg')
data.setCell(9, 2, 'tests.ProductReviewTest')
data.setCell(9, 3, 166);
data.setCell(10, 0, 10)
data.setCell(10, 1, 'openreg')
data.setCell(10, 2, 'tests.AddProductToWishlist')
data.setCell(10, 3, 95);
data.setCell(11, 0, 11)
data.setCell(11, 1, 'openreg')
data.setCell(11, 2, 'tests.EmailtofriendTest')
data.setCell(11, 3, 93);
data.setCell(12, 0, 12)
data.setCell(12, 1, 'create')
data.setCell(12, 2, 'tests.MyAccountTest')
data.setCell(12, 3, 79);
data.setCell(13, 0, 13)
data.setCell(13, 1, 'openreg')
data.setCell(13, 2, 'tests.ComparelistTEst')
data.setCell(13, 3, 67);
data.setCell(14, 0, 14)
data.setCell(14, 1, 'myacc')
data.setCell(14, 2, 'tests.MyAccountTest')
data.setCell(14, 3, 56);
data.setCell(15, 0, 15)
data.setCell(15, 1, 'openreg')
data.setCell(15, 2, 'tests.AddTocartTest')
data.setCell(15, 3, 47);
data.setCell(16, 0, 16)
data.setCell(16, 1, 'openreg')
data.setCell(16, 2, 'tests.CheckoutTest')
data.setCell(16, 3, 47);
data.setCell(17, 0, 17)
data.setCell(17, 1, 'login1')
data.setCell(17, 2, 'tests.LoginTest')
data.setCell(17, 3, 20);
data.setCell(18, 0, 18)
data.setCell(18, 1, 'checktrue')
data.setCell(18, 2, 'tests.CurrentTest')
data.setCell(18, 3, 7);
data.setCell(19, 0, 19)
data.setCell(19, 1, 'gotocart')
data.setCell(19, 2, 'tests.CheckoutTest')
data.setCell(19, 3, 0);
data.setCell(20, 0, 20)
data.setCell(20, 1, 'openemailpage')
data.setCell(20, 2, 'tests.EmailtofriendTest')
data.setCell(20, 3, 0);
data.setCell(21, 0, 21)
data.setCell(21, 1, 'SearchProduct')
data.setCell(21, 2, 'tests.EmailtofriendTest')
data.setCell(21, 3, 0);
data.setCell(22, 0, 22)
data.setCell(22, 1, 'addtocart')
data.setCell(22, 2, 'tests.AddTocartTest')
data.setCell(22, 3, 0);
data.setCell(23, 0, 23)
data.setCell(23, 1, 'searchprod')
data.setCell(23, 2, 'tests.AddTocartTest')
data.setCell(23, 3, 0);
data.setCell(24, 0, 24)
data.setCell(24, 1, 'searchprod')
data.setCell(24, 2, 'tests.AddProductToWishlist')
data.setCell(24, 3, 0);
data.setCell(25, 0, 25)
data.setCell(25, 1, 'checkout')
data.setCell(25, 2, 'tests.AddTocartTest')
data.setCell(25, 3, 0);
data.setCell(26, 0, 26)
data.setCell(26, 1, 'userreg')
data.setCell(26, 2, 'tests.EmailtofriendTest')
data.setCell(26, 3, 0);
data.setCell(27, 0, 27)
data.setCell(27, 1, 'searchprod')
data.setCell(27, 2, 'tests.ComparelistTEst')
data.setCell(27, 3, 0);
data.setCell(28, 0, 28)
data.setCell(28, 1, 'searchprod')
data.setCell(28, 2, 'tests.ProductReviewTest')
data.setCell(28, 3, 0);
data.setCell(29, 0, 29)
data.setCell(29, 1, 'addtocart')
data.setCell(29, 2, 'tests.CheckoutTest')
data.setCell(29, 3, 0);
data.setCell(30, 0, 30)
data.setCell(30, 1, 'addproducttocomparelist')
data.setCell(30, 2, 'tests.ComparelistTEst')
data.setCell(30, 3, 0);
data.setCell(31, 0, 31)
data.setCell(31, 1, 'checkout')
data.setCell(31, 2, 'tests.CheckoutTest')
data.setCell(31, 3, 0);
data.setCell(32, 0, 32)
data.setCell(32, 1, 'sendemail')
data.setCell(32, 2, 'tests.EmailtofriendTest')
data.setCell(32, 3, 0);
data.setCell(33, 0, 33)
data.setCell(33, 1, 'addtowish')
data.setCell(33, 2, 'tests.AddProductToWishlist')
data.setCell(33, 3, 0);
data.setCell(34, 0, 34)
data.setCell(34, 1, 'gotocart')
data.setCell(34, 2, 'tests.AddTocartTest')
data.setCell(34, 3, 0);
data.setCell(35, 0, 35)
data.setCell(35, 1, 'check')
data.setCell(35, 2, 'tests.ComparelistTEst')
data.setCell(35, 3, 0);
data.setCell(36, 0, 36)
data.setCell(36, 1, 'searchprod')
data.setCell(36, 2, 'tests.CheckoutTest')
data.setCell(36, 3, 0);
data.setCell(37, 0, 37)
data.setCell(37, 1, 'openrevi')
data.setCell(37, 2, 'tests.ProductReviewTest')
data.setCell(37, 3, 0);
data.setCell(38, 0, 38)
data.setCell(38, 1, 'check')
data.setCell(38, 2, 'tests.AddTocartTest')
data.setCell(38, 3, 0);
data.setCell(39, 0, 39)
data.setCell(39, 1, 'addreview')
data.setCell(39, 2, 'tests.ProductReviewTest')
data.setCell(39, 3, 0);
data.setCell(40, 0, 40)
data.setCell(40, 1, 'addprod')
data.setCell(40, 2, 'tests.AddProductToWishlist')
data.setCell(40, 3, 0);
data.setCell(41, 0, 41)
data.setCell(41, 1, 'removeproductfromcomparelist')
data.setCell(41, 2, 'tests.ComparelistTEst')
data.setCell(41, 3, 0);
data.setCell(42, 0, 42)
data.setCell(42, 1, 'check')
data.setCell(42, 2, 'tests.CheckoutTest')
data.setCell(42, 3, 0);
window.suiteTableData['ecommerce_regression_Suite']= { tableData: data, tableDiv: 'times-div-ecommerce_regression_Suite'}
return data;
}
              </script>
              <span class="suite-total-time">Total running time: 35 seconds</span>
              <div id="times-div-ecommerce_regression_Suite">
              </div> <!-- times-div-ecommerce_regression_Suite -->
            </div> <!-- times-div -->
          </div> <!-- main-panel-content rounded-window-bottom -->
        </div> <!-- panel -->
        <div panel-name="reporter-ecommerce_regression_Suite" class="panel">
          <div class="main-panel-header rounded-window-top">
            <span class="header-content">Reporter output for ecommerce regression Suite</span>
          </div> <!-- main-panel-header rounded-window-top -->
          <div class="main-panel-content rounded-window-bottom">
          </div> <!-- main-panel-content rounded-window-bottom -->
        </div> <!-- panel -->
        <div panel-name="ignored-methods-ecommerce_regression_Suite" class="panel">
          <div class="main-panel-header rounded-window-top">
            <span class="header-content">28 ignored methods</span>
          </div> <!-- main-panel-header rounded-window-top -->
          <div class="main-panel-content rounded-window-bottom">
            <div class="ignored-class-div">
              <span class="ignored-class-name">tests.WearchProductUsingAutoSuggest</span>
              <div class="ignored-methods-div">
                <span class="ignored-method-name">closeBrowser</span>
                <br/>
                <span class="ignored-method-name">openBrowser</span>
                <br/>
              </div> <!-- ignored-methods-div -->
            </div> <!-- ignored-class-div -->
            <div class="ignored-class-div">
              <span class="ignored-class-name">tests.AddProductToWishlist</span>
              <div class="ignored-methods-div">
                <span class="ignored-method-name">closeBrowser</span>
                <br/>
                <span class="ignored-method-name">openBrowser</span>
                <br/>
              </div> <!-- ignored-methods-div -->
            </div> <!-- ignored-class-div -->
            <div class="ignored-class-div">
              <span class="ignored-class-name">tests.ProductReviewTest</span>
              <div class="ignored-methods-div">
                <span class="ignored-method-name">closeBrowser</span>
                <br/>
                <span class="ignored-method-name">openBrowser</span>
                <br/>
              </div> <!-- ignored-methods-div -->
            </div> <!-- ignored-class-div -->
            <div class="ignored-class-div">
              <span class="ignored-class-name">tests.CheckoutTest</span>
              <div class="ignored-methods-div">
                <span class="ignored-method-name">closeBrowser</span>
                <br/>
                <span class="ignored-method-name">openBrowser</span>
                <br/>
              </div> <!-- ignored-methods-div -->
            </div> <!-- ignored-class-div -->
            <div class="ignored-class-div">
              <span class="ignored-class-name">tests.AddTocartTest</span>
              <div class="ignored-methods-div">
                <span class="ignored-method-name">closeBrowser</span>
                <br/>
                <span class="ignored-method-name">openBrowser</span>
                <br/>
              </div> <!-- ignored-methods-div -->
            </div> <!-- ignored-class-div -->
            <div class="ignored-class-div">
              <span class="ignored-class-name">tests.SearchTest</span>
              <div class="ignored-methods-div">
                <span class="ignored-method-name">closeBrowser</span>
                <br/>
                <span class="ignored-method-name">openBrowser</span>
                <br/>
              </div> <!-- ignored-methods-div -->
            </div> <!-- ignored-class-div -->
            <div class="ignored-class-div">
              <span class="ignored-class-name">tests.TestBase</span>
              <div class="ignored-methods-div">
                <span class="ignored-method-name">closeBrowser</span>
                <br/>
                <span class="ignored-method-name">openBrowser</span>
                <br/>
              </div> <!-- ignored-methods-div -->
            </div> <!-- ignored-class-div -->
            <div class="ignored-class-div">
              <span class="ignored-class-name">tests.ContactUsTest</span>
              <div class="ignored-methods-div">
                <span class="ignored-method-name">closeBrowser</span>
                <br/>
                <span class="ignored-method-name">openBrowser</span>
                <br/>
              </div> <!-- ignored-methods-div -->
            </div> <!-- ignored-class-div -->
            <div class="ignored-class-div">
              <span class="ignored-class-name">tests.EmailtofriendTest</span>
              <div class="ignored-methods-div">
                <span class="ignored-method-name">closeBrowser</span>
                <br/>
                <span class="ignored-method-name">openBrowser</span>
                <br/>
              </div> <!-- ignored-methods-div -->
            </div> <!-- ignored-class-div -->
            <div class="ignored-class-div">
              <span class="ignored-class-name">tests.MyAccountTest</span>
              <div class="ignored-methods-div">
                <span class="ignored-method-name">closeBrowser</span>
                <br/>
                <span class="ignored-method-name">openBrowser</span>
                <br/>
              </div> <!-- ignored-methods-div -->
            </div> <!-- ignored-class-div -->
            <div class="ignored-class-div">
              <span class="ignored-class-name">tests.LoginTest</span>
              <div class="ignored-methods-div">
                <span class="ignored-method-name">closeBrowser</span>
                <br/>
                <span class="ignored-method-name">openBrowser</span>
                <br/>
              </div> <!-- ignored-methods-div -->
            </div> <!-- ignored-class-div -->
            <div class="ignored-class-div">
              <span class="ignored-class-name">tests.CurrentTest</span>
              <div class="ignored-methods-div">
                <span class="ignored-method-name">closeBrowser</span>
                <br/>
                <span class="ignored-method-name">openBrowser</span>
                <br/>
              </div> <!-- ignored-methods-div -->
            </div> <!-- ignored-class-div -->
            <div class="ignored-class-div">
              <span class="ignored-class-name">tests.ProductHoverMenuPage</span>
              <div class="ignored-methods-div">
                <span class="ignored-method-name">closeBrowser</span>
                <br/>
                <span class="ignored-method-name">openBrowser</span>
                <br/>
              </div> <!-- ignored-methods-div -->
            </div> <!-- ignored-class-div -->
            <div class="ignored-class-div">
              <span class="ignored-class-name">tests.ComparelistTEst</span>
              <div class="ignored-methods-div">
                <span class="ignored-method-name">closeBrowser</span>
                <br/>
                <span class="ignored-method-name">openBrowser</span>
                <br/>
              </div> <!-- ignored-methods-div -->
            </div> <!-- ignored-class-div -->
          </div> <!-- main-panel-content rounded-window-bottom -->
        </div> <!-- panel -->
        <div panel-name="chronological-ecommerce_regression_Suite" class="panel">
          <div class="main-panel-header rounded-window-top">
            <span class="header-content">Methods in chronological order</span>
          </div> <!-- main-panel-header rounded-window-top -->
          <div class="main-panel-content rounded-window-bottom">
            <div class="chronological-class">
              <div class="chronological-class-name">tests.UserRegisterationTest</div> <!-- chronological-class-name -->
              <div class="configuration-suite before">
                <span class="method-name">openBrowser(chrome)</span>
                <span class="method-start">0 ms</span>
              </div> <!-- configuration-suite before -->
            </div> <!-- chronological-class -->
            <div class="chronological-class">
              <div class="chronological-class-name">tests.WearchProductUsingAutoSuggest</div> <!-- chronological-class-name -->
              <div class="test-method">
                <img src="failed.png">
                </img>
                <span class="method-name">searchat</span>
                <span class="method-start">208578 ms</span>
              </div> <!-- test-method -->
              <div class="configuration-method after">
                <span class="method-name">screenshot([TestResult name=searchat status=FAILURE method=WearchProductUsingAutoSuggest.searchat()[pri:0, inst...)</span>
                <span class="method-start">210862 ms</span>
              </div> <!-- configuration-method after -->
            </div> <!-- chronological-class -->
            <div class="chronological-class">
              <div class="chronological-class-name">tests.UserRegisterationTest</div> <!-- chronological-class-name -->
              <div class="test-method">
                <span class="method-name">registersucces</span>
                <span class="method-start">211753 ms</span>
              </div> <!-- test-method -->
              <div class="configuration-method after">
                <span class="method-name">screenshot([TestResult name=registersucces status=SUCCESS method=UserRegisterationTest.registersucces()[pri:1, ...)</span>
                <span class="method-start">217726 ms</span>
              </div> <!-- configuration-method after -->
              <div class="test-method">
                <span class="method-name">registerout1</span>
                <span class="method-start">217728 ms</span>
              </div> <!-- test-method -->
              <div class="configuration-method after">
                <span class="method-name">screenshot([TestResult name=registerout1 status=SUCCESS method=UserRegisterationTest.registerout1()[pri:2, inst...)</span>
                <span class="method-start">220350 ms</span>
              </div> <!-- configuration-method after -->
              <div class="test-method">
                <span class="method-name">login2</span>
                <span class="method-start">220351 ms</span>
              </div> <!-- test-method -->
              <div class="configuration-method after">
                <span class="method-name">screenshot([TestResult name=login2 status=SUCCESS method=UserRegisterationTest.login2()[pri:3, instance:tests.U...)</span>
                <span class="method-start">224320 ms</span>
              </div> <!-- configuration-method after -->
            </div> <!-- chronological-class -->
            <div class="chronological-class">
              <div class="chronological-class-name">tests.AddProductToWishlist</div> <!-- chronological-class-name -->
              <div class="test-method">
                <img src="failed.png">
                </img>
                <span class="method-name">openreg</span>
                <span class="method-start">224321 ms</span>
              </div> <!-- test-method -->
              <div class="configuration-method after">
                <span class="method-name">screenshot([TestResult name=openreg status=FAILURE method=AddProductToWishlist.openreg()[pri:0, instance:tests....)</span>
                <span class="method-start">224418 ms</span>
              </div> <!-- configuration-method after -->
              <div class="test-method">
                <span class="method-name">searchprod</span>
                <span class="method-start">225070 ms</span>
              </div> <!-- test-method -->
              <div class="test-method">
                <span class="method-name">addtowish</span>
                <span class="method-start">225077 ms</span>
              </div> <!-- test-method -->
              <div class="test-method">
                <span class="method-name">addprod</span>
                <span class="method-start">225081 ms</span>
              </div> <!-- test-method -->
            </div> <!-- chronological-class -->
            <div class="chronological-class">
              <div class="chronological-class-name">tests.AddTocartTest</div> <!-- chronological-class-name -->
              <div class="test-method">
                <img src="failed.png">
                </img>
                <span class="method-name">openreg</span>
                <span class="method-start">225085 ms</span>
              </div> <!-- test-method -->
              <div class="configuration-method after">
                <span class="method-name">screenshot([TestResult name=openreg status=FAILURE method=AddTocartTest.openreg()[pri:0, instance:tests.AddToca...)</span>
                <span class="method-start">225134 ms</span>
              </div> <!-- configuration-method after -->
              <div class="test-method">
                <span class="method-name">searchprod</span>
                <span class="method-start">225956 ms</span>
              </div> <!-- test-method -->
              <div class="test-method">
                <span class="method-name">addtocart</span>
                <span class="method-start">225959 ms</span>
              </div> <!-- test-method -->
              <div class="test-method">
                <span class="method-name">gotocart</span>
                <span class="method-start">225961 ms</span>
              </div> <!-- test-method -->
              <div class="test-method">
                <span class="method-name">check</span>
                <span class="method-start">225963 ms</span>
              </div> <!-- test-method -->
              <div class="test-method">
                <span class="method-name">checkout</span>
                <span class="method-start">225966 ms</span>
              </div> <!-- test-method -->
            </div> <!-- chronological-class -->
            <div class="chronological-class">
              <div class="chronological-class-name">tests.CheckoutTest</div> <!-- chronological-class-name -->
              <div class="test-method">
                <img src="failed.png">
                </img>
                <span class="method-name">openreg</span>
                <span class="method-start">225970 ms</span>
              </div> <!-- test-method -->
              <div class="configuration-method after">
                <span class="method-name">screenshot([TestResult name=openreg status=FAILURE method=CheckoutTest.openreg()[pri:0, instance:tests.Checkout...)</span>
                <span class="method-start">226019 ms</span>
              </div> <!-- configuration-method after -->
              <div class="test-method">
                <span class="method-name">searchprod</span>
                <span class="method-start">226630 ms</span>
              </div> <!-- test-method -->
              <div class="test-method">
                <span class="method-name">addtocart</span>
                <span class="method-start">226634 ms</span>
              </div> <!-- test-method -->
              <div class="test-method">
                <span class="method-name">gotocart</span>
                <span class="method-start">226638 ms</span>
              </div> <!-- test-method -->
              <div class="test-method">
                <span class="method-name">check</span>
                <span class="method-start">226641 ms</span>
              </div> <!-- test-method -->
              <div class="test-method">
                <span class="method-name">checkout</span>
                <span class="method-start">226644 ms</span>
              </div> <!-- test-method -->
            </div> <!-- chronological-class -->
            <div class="chronological-class">
              <div class="chronological-class-name">tests.ComparelistTEst</div> <!-- chronological-class-name -->
              <div class="test-method">
                <img src="failed.png">
                </img>
                <span class="method-name">openreg</span>
                <span class="method-start">226648 ms</span>
              </div> <!-- test-method -->
              <div class="configuration-method after">
                <span class="method-name">screenshot([TestResult name=openreg status=FAILURE method=ComparelistTEst.openreg()[pri:0, instance:tests.Compa...)</span>
                <span class="method-start">226716 ms</span>
              </div> <!-- configuration-method after -->
              <div class="test-method">
                <span class="method-name">searchprod</span>
                <span class="method-start">227329 ms</span>
              </div> <!-- test-method -->
              <div class="test-method">
                <span class="method-name">addproducttocomparelist</span>
                <span class="method-start">227330 ms</span>
              </div> <!-- test-method -->
              <div class="test-method">
                <span class="method-name">check</span>
                <span class="method-start">227332 ms</span>
              </div> <!-- test-method -->
              <div class="test-method">
                <span class="method-name">removeproductfromcomparelist</span>
                <span class="method-start">227334 ms</span>
              </div> <!-- test-method -->
            </div> <!-- chronological-class -->
            <div class="chronological-class">
              <div class="chronological-class-name">tests.ContactUsTest</div> <!-- chronological-class-name -->
              <div class="test-method">
                <span class="method-name">contactus</span>
                <span class="method-start">227337 ms</span>
              </div> <!-- test-method -->
              <div class="configuration-method after">
                <span class="method-name">screenshot([TestResult name=contactus status=SUCCESS method=ContactUsTest.contactus()[pri:0, instance:tests.Con...)</span>
                <span class="method-start">230102 ms</span>
              </div> <!-- configuration-method after -->
            </div> <!-- chronological-class -->
            <div class="chronological-class">
              <div class="chronological-class-name">tests.CurrentTest</div> <!-- chronological-class-name -->
              <div class="test-method">
                <span class="method-name">currentcheck</span>
                <span class="method-start">230105 ms</span>
              </div> <!-- test-method -->
              <div class="configuration-method after">
                <span class="method-name">screenshot([TestResult name=currentcheck status=SUCCESS method=CurrentTest.currentcheck()[pri:0, instance:tests...)</span>
                <span class="method-start">235256 ms</span>
              </div> <!-- configuration-method after -->
              <div class="test-method">
                <span class="method-name">searchp</span>
                <span class="method-start">235257 ms</span>
              </div> <!-- test-method -->
              <div class="configuration-method after">
                <span class="method-name">screenshot([TestResult name=searchp status=SUCCESS method=CurrentTest.searchp()[pri:0, instance:tests.CurrentTe...)</span>
                <span class="method-start">244848 ms</span>
              </div> <!-- configuration-method after -->
              <div class="test-method">
                <img src="failed.png">
                </img>
                <span class="method-name">checktrue</span>
                <span class="method-start">244849 ms</span>
              </div> <!-- test-method -->
              <div class="configuration-method after">
                <span class="method-name">screenshot([TestResult name=checktrue status=FAILURE method=CurrentTest.checktrue()[pri:0, instance:tests.Curre...)</span>
                <span class="method-start">244857 ms</span>
              </div> <!-- configuration-method after -->
            </div> <!-- chronological-class -->
            <div class="chronological-class">
              <div class="chronological-class-name">tests.EmailtofriendTest</div> <!-- chronological-class-name -->
              <div class="test-method">
                <img src="failed.png">
                </img>
                <span class="method-name">openreg</span>
                <span class="method-start">245350 ms</span>
              </div> <!-- test-method -->
              <div class="configuration-method after">
                <span class="method-name">screenshot([TestResult name=openreg status=FAILURE method=EmailtofriendTest.openreg()[pri:0, instance:tests.Ema...)</span>
                <span class="method-start">245445 ms</span>
              </div> <!-- configuration-method after -->
              <div class="test-method">
                <span class="method-name">userreg</span>
                <span class="method-start">245971 ms</span>
              </div> <!-- test-method -->
              <div class="test-method">
                <span class="method-name">SearchProduct</span>
                <span class="method-start">245972 ms</span>
              </div> <!-- test-method -->
              <div class="test-method">
                <span class="method-name">openemailpage</span>
                <span class="method-start">245973 ms</span>
              </div> <!-- test-method -->
              <div class="test-method">
                <span class="method-name">sendemail</span>
                <span class="method-start">245975 ms</span>
              </div> <!-- test-method -->
            </div> <!-- chronological-class -->
            <div class="chronological-class">
              <div class="chronological-class-name">tests.LoginTest</div> <!-- chronological-class-name -->
              <div class="test-method">
                <img src="failed.png">
                </img>
                <span class="method-name">login1</span>
                <span class="method-start">245977 ms</span>
              </div> <!-- test-method -->
              <div class="configuration-method after">
                <span class="method-name">screenshot([TestResult name=login1 status=FAILURE method=LoginTest.login1()[pri:0, instance:tests.LoginTest@689...)</span>
                <span class="method-start">245999 ms</span>
              </div> <!-- configuration-method after -->
            </div> <!-- chronological-class -->
            <div class="chronological-class">
              <div class="chronological-class-name">tests.MyAccountTest</div> <!-- chronological-class-name -->
              <div class="test-method">
                <img src="failed.png">
                </img>
                <span class="method-name">create</span>
                <span class="method-start">246515 ms</span>
              </div> <!-- test-method -->
              <div class="configuration-method after">
                <span class="method-name">screenshot([TestResult name=create status=FAILURE method=MyAccountTest.create()[pri:0, instance:tests.MyAccount...)</span>
                <span class="method-start">246595 ms</span>
              </div> <!-- configuration-method after -->
              <div class="test-method">
                <img src="failed.png">
                </img>
                <span class="method-name">myacc</span>
                <span class="method-start">247116 ms</span>
              </div> <!-- test-method -->
              <div class="configuration-method after">
                <span class="method-name">screenshot([TestResult name=myacc status=FAILURE method=MyAccountTest.myacc()[pri:0, instance:tests.MyAccountTe...)</span>
                <span class="method-start">247173 ms</span>
              </div> <!-- configuration-method after -->
            </div> <!-- chronological-class -->
            <div class="chronological-class">
              <div class="chronological-class-name">tests.ProductHoverMenuPage</div> <!-- chronological-class-name -->
              <div class="test-method">
                <span class="method-name">hovermen</span>
                <span class="method-start">247704 ms</span>
              </div> <!-- test-method -->
              <div class="configuration-method after">
                <span class="method-name">screenshot([TestResult name=hovermen status=SUCCESS method=ProductHoverMenuPage.hovermen()[pri:0, instance:test...)</span>
                <span class="method-start">249549 ms</span>
              </div> <!-- configuration-method after -->
            </div> <!-- chronological-class -->
            <div class="chronological-class">
              <div class="chronological-class-name">tests.ProductReviewTest</div> <!-- chronological-class-name -->
              <div class="test-method">
                <img src="failed.png">
                </img>
                <span class="method-name">openreg</span>
                <span class="method-start">249549 ms</span>
              </div> <!-- test-method -->
              <div class="configuration-method after">
                <span class="method-name">screenshot([TestResult name=openreg status=FAILURE method=ProductReviewTest.openreg()[pri:0, instance:tests.Pro...)</span>
                <span class="method-start">249717 ms</span>
              </div> <!-- configuration-method after -->
              <div class="test-method">
                <span class="method-name">searchprod</span>
                <span class="method-start">250136 ms</span>
              </div> <!-- test-method -->
              <div class="test-method">
                <span class="method-name">openrevi</span>
                <span class="method-start">250137 ms</span>
              </div> <!-- test-method -->
              <div class="test-method">
                <span class="method-name">addreview</span>
                <span class="method-start">250140 ms</span>
              </div> <!-- test-method -->
            </div> <!-- chronological-class -->
            <div class="chronological-class">
              <div class="chronological-class-name">tests.SearchTest</div> <!-- chronological-class-name -->
              <div class="test-method">
                <span class="method-name">searchpr</span>
                <span class="method-start">250141 ms</span>
              </div> <!-- test-method -->
              <div class="configuration-method after">
                <span class="method-name">screenshot([TestResult name=searchpr status=SUCCESS method=SearchTest.searchpr()[pri:0, instance:tests.SearchTe...)</span>
                <span class="method-start">251165 ms</span>
              </div> <!-- configuration-method after -->
            </div> <!-- chronological-class -->
            <div class="chronological-class">
              <div class="chronological-class-name">tests.UserRegisterationTest</div> <!-- chronological-class-name -->
              <div class="configuration-suite after">
                <span class="method-name">closeBrowser</span>
                <span class="method-start">251255 ms</span>
              </div> <!-- configuration-suite after -->
          </div> <!-- main-panel-content rounded-window-bottom -->
        </div> <!-- panel -->
      </div> <!-- main-panel-root -->
    </div> <!-- wrapper -->
  </body>
</html>
